[    0.000000] Linux version 4.15.0-212-generic (buildd@lcy02-amd64-083) (gcc version 7.5.0 (Ubuntu 7.5.0-3ubuntu1~18.04)) #223-Ubuntu SMP Tue May 23 13:09:22 UTC 2023 (Ubuntu 4.15.0-212.223-generic 4.15.18)
[    0.000000] Command line: BOOT_IMAGE=/boot/vmlinuz-4.15.0-212-generic root=LABEL=cloudimg-rootfs ro console=tty1 console=ttyS0
[    0.000000] KERNEL supported cpus:
[    0.000000]   Intel GenuineIntel
[    0.000000]   AMD AuthenticAMD
[    0.000000]   Centaur CentaurHauls
[    0.000000] [Firmware Bug]: TSC doesn't count with P0 frequency!
[    0.000000] x86/fpu: x87 FPU will use FXSAVE
[    0.000000] e820: BIOS-provided physical RAM map:
[    0.000000] BIOS-e820: [mem 0x0000000000000000-0x000000000009fbff] usable
[    0.000000] BIOS-e820: [mem 0x000000000009fc00-0x000000000009ffff] reserved
[    0.000000] BIOS-e820: [mem 0x00000000000f0000-0x00000000000fffff] reserved
[    0.000000] BIOS-e820: [mem 0x0000000000100000-0x000000003ffeffff] usable
[    0.000000] BIOS-e820: [mem 0x000000003fff0000-0x000000003fffffff] ACPI data
[    0.000000] BIOS-e820: [mem 0x00000000fec00000-0x00000000fec00fff] reserved
[    0.000000] BIOS-e820: [mem 0x00000000fee00000-0x00000000fee00fff] reserved
[    0.000000] BIOS-e820: [mem 0x00000000fffc0000-0x00000000ffffffff] reserved
[    0.000000] NX (Execute Disable) protection: active
[    0.000000] SMBIOS 2.5 present.
[    0.000000] DMI: innotek GmbH VirtualBox/VirtualBox, BIOS VirtualBox 12/01/2006
[    0.000000] Hypervisor detected: KVM
[    0.000000] e820: last_pfn = 0x3fff0 max_arch_pfn = 0x400000000
[    0.000000] MTRR: Disabled
[    0.000000] x86/PAT: MTRRs disabled, skipping PAT initialization too.
[    0.000000] CPU MTRRs all blank - virtualized system.
[    0.000000] x86/PAT: Configuration [0-7]: WB  WT  UC- UC  WB  WT  UC- UC  
[    0.000000] found SMP MP-table at [mem 0x0009fff0-0x0009ffff]
[    0.000000] Scanning 1 areas for low memory corruption
[    0.000000] RAMDISK: [mem 0x359cb000-0x36cdcfff]
[    0.000000] ACPI: Early table checksum verification disabled
[    0.000000] ACPI: RSDP 0x00000000000E0000 000024 (v02 VBOX  )
[    0.000000] ACPI: XSDT 0x000000003FFF0030 00003C (v01 VBOX   VBOXXSDT 00000001 ASL  00000061)
[    0.000000] ACPI: FACP 0x000000003FFF00F0 0000F4 (v04 VBOX   VBOXFACP 00000001 ASL  00000061)
[    0.000000] ACPI: DSDT 0x000000003FFF0610 002353 (v02 VBOX   VBOXBIOS 00000002 INTL 20100528)
[    0.000000] ACPI: FACS 0x000000003FFF0200 000040
[    0.000000] ACPI: FACS 0x000000003FFF0200 000040
[    0.000000] ACPI: APIC 0x000000003FFF0240 00005C (v02 VBOX   VBOXAPIC 00000001 ASL  00000061)
[    0.000000] ACPI: SSDT 0x000000003FFF02A0 00036C (v01 VBOX   VBOXCPUT 00000002 INTL 20100528)
[    0.000000] ACPI: Reserving FACP table memory at [mem 0x3fff00f0-0x3fff01e3]
[    0.000000] ACPI: Reserving DSDT table memory at [mem 0x3fff0610-0x3fff2962]
[    0.000000] ACPI: Reserving FACS table memory at [mem 0x3fff0200-0x3fff023f]
[    0.000000] ACPI: Reserving FACS table memory at [mem 0x3fff0200-0x3fff023f]
[    0.000000] ACPI: Reserving APIC table memory at [mem 0x3fff0240-0x3fff029b]
[    0.000000] ACPI: Reserving SSDT table memory at [mem 0x3fff02a0-0x3fff060b]
[    0.000000] No NUMA configuration found
[    0.000000] Faking a node at [mem 0x0000000000000000-0x000000003ffeffff]
[    0.000000] NODE_DATA(0) allocated [mem 0x3ffc5000-0x3ffeffff]
[    0.000000] kvm-clock: cpu 0, msr 0:3ff44001, primary cpu clock
[    0.000000] kvm-clock: Using msrs 4b564d01 and 4b564d00
[    0.000000] kvm-clock: using sched offset of 5295895147 cycles
[    0.000000] clocksource: kvm-clock: mask: 0xffffffffffffffff max_cycles: 0x1cd42e4dffb, max_idle_ns: 881590591483 ns
[    0.000000] Zone ranges:
[    0.000000]   DMA      [mem 0x0000000000001000-0x0000000000ffffff]
[    0.000000]   DMA32    [mem 0x0000000001000000-0x000000003ffeffff]
[    0.000000]   Normal   empty
[    0.000000]   Device   empty
[    0.000000] Movable zone start for each node
[    0.000000] Early memory node ranges
[    0.000000]   node   0: [mem 0x0000000000001000-0x000000000009efff]
[    0.000000]   node   0: [mem 0x0000000000100000-0x000000003ffeffff]
[    0.000000] Reserved but unavailable: 104 pages
[    0.000000] Initmem setup node 0 [mem 0x0000000000001000-0x000000003ffeffff]
[    0.000000] ACPI: PM-Timer IO Port: 0x4008
[    0.000000] IOAPIC[0]: apic_id 2, version 32, address 0xfec00000, GSI 0-23
[    0.000000] ACPI: INT_SRC_OVR (bus 0 bus_irq 0 global_irq 2 dfl dfl)
[    0.000000] ACPI: INT_SRC_OVR (bus 0 bus_irq 9 global_irq 9 low level)
[    0.000000] Using ACPI (MADT) for SMP configuration information
[    0.000000] smpboot: Allowing 2 CPUs, 0 hotplug CPUs
[    0.000000] PM: Registered nosave memory: [mem 0x00000000-0x00000fff]
[    0.000000] PM: Registered nosave memory: [mem 0x0009f000-0x0009ffff]
[    0.000000] PM: Registered nosave memory: [mem 0x000a0000-0x000effff]
[    0.000000] PM: Registered nosave memory: [mem 0x000f0000-0x000fffff]
[    0.000000] e820: [mem 0x40000000-0xfebfffff] available for PCI devices
[    0.000000] Booting paravirtualized kernel on KVM
[    0.000000] clocksource: refined-jiffies: mask: 0xffffffff max_cycles: 0xffffffff, max_idle_ns: 7645519600211568 ns
[    0.000000] setup_percpu: NR_CPUS:8192 nr_cpumask_bits:2 nr_cpu_ids:2 nr_node_ids:1
[    0.000000] percpu: Embedded 50 pages/cpu s167936 r8192 d28672 u1048576
[    0.000000] PV qspinlock hash table entries: 256 (order: 0, 4096 bytes)
[    0.000000] Built 1 zonelists, mobility grouping on.  Total pages: 257913
[    0.000000] Policy zone: DMA32
[    0.000000] Kernel command line: BOOT_IMAGE=/boot/vmlinuz-4.15.0-212-generic root=LABEL=cloudimg-rootfs ro console=tty1 console=ttyS0
[    0.000000] Memory: 982644K/1048120K available (12300K kernel code, 2477K rwdata, 4324K rodata, 2480K init, 2720K bss, 65476K reserved, 0K cma-reserved)
[    0.000000] SLUB: HWalign=64, Order=0-3, MinObjects=0, CPUs=2, Nodes=1
[    0.000000] ftrace: allocating 39508 entries in 155 pages
[    0.004000] Hierarchical RCU implementation.
[    0.004000] 	RCU restricting CPUs from NR_CPUS=8192 to nr_cpu_ids=2.
[    0.004000] 	Tasks RCU enabled.
[    0.004000] RCU: Adjusting geometry for rcu_fanout_leaf=16, nr_cpu_ids=2
[    0.004000] NR_IRQS: 524544, nr_irqs: 440, preallocated irqs: 16
[    0.004000] random: crng init done
[    0.004000] Console: colour VGA+ 80x25
[    0.004000] console [tty1] enabled
[    0.004000] console [ttyS0] enabled
[    0.004000] ACPI: Core revision 20170831
[    0.004000] ACPI: 2 ACPI AML tables successfully acquired and loaded
[    0.004000] APIC: Switch to symmetric I/O mode setup
[    0.004000] ..TIMER: vector=0x30 apic1=0 pin1=2 apic2=-1 pin2=-1
[    0.004022] tsc: Detected 2096.014 MHz processor
[    0.008022] Calibrating delay loop (skipped) preset value.. 4192.02 BogoMIPS (lpj=8384056)
[    0.012024] pid_max: default: 32768 minimum: 301
[    0.016263] Security Framework initialized
[    0.024016] Yama: becoming mindful.
[    0.028312] AppArmor: AppArmor initialized
[    0.045402] Dentry cache hash table entries: 131072 (order: 8, 1048576 bytes)
[    0.059250] Inode-cache hash table entries: 65536 (order: 7, 524288 bytes)
[    0.060329] Mount-cache hash table entries: 2048 (order: 2, 16384 bytes)
[    0.064357] Mountpoint-cache hash table entries: 2048 (order: 2, 16384 bytes)
[    0.073588] Last level iTLB entries: 4KB 1024, 2MB 1024, 4MB 512
[    0.076183] Last level dTLB entries: 4KB 1536, 2MB 1536, 4MB 768, 1GB 0
[    0.084020] Spectre V1 : Mitigation: usercopy/swapgs barriers and __user pointer sanitization
[    0.088019] Spectre V2 : Mitigation: Retpolines
[    0.092017] Spectre V2 : Spectre v2 / SpectreRSB mitigation: Filling RSB on context switch
[    0.096016] Spectre V2 : Spectre v2 / SpectreRSB : Filling RSB on VMEXIT
[    0.100016] RETBleed: Vulnerable
[    0.104407] Freeing SMP alternatives memory: 36K
[    0.225750] smpboot: CPU0: AMD Ryzen 5 3500U with Radeon Vega Mobile Gfx (family: 0x17, model: 0x18, stepping: 0x1)
[    0.232088] Performance Events: PMU not available due to virtualization, using software events only.
[    0.236378] Hierarchical SRCU implementation.
[    0.242183] NMI watchdog: Perf event create on CPU 0 failed with -2
[    0.244019] NMI watchdog: Perf NMI watchdog permanently disabled
[    0.252646] smp: Bringing up secondary CPUs ...
[    0.262082] x86: Booting SMP configuration:
[    0.264017] .... node  #0, CPUs:      #1
[    0.004000] kvm-clock: cpu 1, msr 0:3ff44041, secondary cpu clock
[    0.290097] TSC synchronization [CPU#0 -> CPU#1]:
[    0.292000] Measured 108649 cycles TSC warp between CPUs, turning off TSC clock.
[    0.292000] tsc: Marking TSC unstable due to check_tsc_sync_source failed
[    0.296476] smp: Brought up 1 node, 2 CPUs
[    0.300051] smpboot: Max logical packages: 1
[    0.304020] smpboot: Total of 2 processors activated (8384.05 BogoMIPS)
[    0.316584] devtmpfs: initialized
[    0.320304] x86/mm: Memory block size: 128MB
[    0.328394] evm: security.selinux
[    0.332029] evm: security.SMACK64
[    0.336019] evm: security.SMACK64EXEC
[    0.340019] evm: security.SMACK64TRANSMUTE
[    0.344014] evm: security.SMACK64MMAP
[    0.348017] evm: security.apparmor
[    0.352017] evm: security.ima
[    0.356018] evm: security.capability
[    0.365293] clocksource: jiffies: mask: 0xffffffff max_cycles: 0xffffffff, max_idle_ns: 7645041785100000 ns
[    0.400274] futex hash table entries: 512 (order: 3, 32768 bytes)
[    0.416909] pinctrl core: initialized pinctrl subsystem
[    0.433540] RTC time:  0:32:27, date: 03/09/24
[    0.449432] NET: Registered protocol family 16
[    0.464578] audit: initializing netlink subsys (disabled)
[    0.480012] audit: type=2000 audit(1709944352.889:1): state=initialized audit_enabled=0 res=1
[    0.484030] cpuidle: using governor ladder
[    0.496054] cpuidle: using governor menu
[    0.516527] ACPI: bus type PCI registered
[    0.528016] acpiphp: ACPI Hot Plug PCI Controller Driver version: 0.5
[    0.541209] PCI: Using configuration type 1 for base access
[    0.556012] PCI: Using configuration type 1 for extended access
[    0.581091] HugeTLB registered 2.00 MiB page size, pre-allocated 0 pages
[    0.604636] ACPI: Added _OSI(Module Device)
[    0.608023] ACPI: Added _OSI(Processor Device)
[    0.612017] ACPI: Added _OSI(3.0 _SCP Extensions)
[    0.616015] ACPI: Added _OSI(Processor Aggregator Device)
[    0.624034] ACPI: Added _OSI(Linux-Dell-Video)
[    0.628094] ACPI: Added _OSI(Linux-Lenovo-NV-HDMI-Audio)
[    0.632021] ACPI: Added _OSI(Linux-HPI-Hybrid-Graphics)
[    0.641426] ACPI: Executed 1 blocks of module-level executable AML code
[    0.656832] ACPI: Interpreter enabled
[    0.660058] ACPI: (supports S0 S5)
[    0.664013] ACPI: Using IOAPIC for interrupt routing
[    0.668993] PCI: Using host bridge windows from ACPI; if necessary, use "pci=nocrs" and report a bug
[    0.672592] ACPI: Enabled 2 GPEs in block 00 to 07
[    0.701681] ACPI: PCI Root Bridge [PCI0] (domain 0000 [bus 00-ff])
[    0.704048] acpi PNP0A03:00: _OSC: OS supports [ExtendedConfig ASPM ClockPM Segments MSI]
[    0.713783] acpi PNP0A03:00: _OSC: platform does not support [PCIeCapability]
[    0.720967] acpi PNP0A03:00: _OSC: not requesting control; platform does not support [PCIeCapability]
[    0.724028] acpi PNP0A03:00: _OSC: OS requested [PCIeHotplug PME AER PCIeCapability]
[    0.728020] acpi PNP0A03:00: _OSC: platform willing to grant [PCIeHotplug PME AER]
[    0.732021] acpi PNP0A03:00: _OSC failed (AE_SUPPORT); disabling ASPM
[    0.737823] PCI host bridge to bus 0000:00
[    0.744056] pci_bus 0000:00: root bus resource [io  0x0000-0x0cf7 window]
[    0.748021] pci_bus 0000:00: root bus resource [io  0x0d00-0xffff window]
[    0.752021] pci_bus 0000:00: root bus resource [mem 0x000a0000-0x000bffff window]
[    0.756021] pci_bus 0000:00: root bus resource [mem 0x40000000-0xfdffffff window]
[    0.764047] pci_bus 0000:00: root bus resource [bus 00-ff]
[    0.792328] pci 0000:00:01.1: legacy IDE quirk: reg 0x10: [io  0x01f0-0x01f7]
[    0.796024] pci 0000:00:01.1: legacy IDE quirk: reg 0x14: [io  0x03f6]
[    0.800022] pci 0000:00:01.1: legacy IDE quirk: reg 0x18: [io  0x0170-0x0177]
[    0.804027] pci 0000:00:01.1: legacy IDE quirk: reg 0x1c: [io  0x0376]
[    0.856702] pci 0000:00:07.0: quirk: [io  0x4000-0x403f] claimed by PIIX4 ACPI
[    0.860096] pci 0000:00:07.0: quirk: [io  0x4100-0x410f] claimed by PIIX4 SMB
[    0.892312] ACPI: PCI Interrupt Link [LNKA] (IRQs 5 9 10 *11)
[    0.897329] ACPI: PCI Interrupt Link [LNKB] (IRQs 5 9 *10 11)
[    0.900556] ACPI: PCI Interrupt Link [LNKC] (IRQs 5 *9 10 11)
[    0.904485] ACPI: PCI Interrupt Link [LNKD] (IRQs 5 9 10 *11)
[    0.912627] SCSI subsystem initialized
[    0.920477] pci 0000:00:02.0: vgaarb: setting as boot VGA device
[    0.924000] pci 0000:00:02.0: vgaarb: VGA device added: decodes=io+mem,owns=io+mem,locks=none
[    0.924026] pci 0000:00:02.0: vgaarb: bridge control possible
[    0.928017] vgaarb: loaded
[    0.932196] ACPI: bus type USB registered
[    0.936178] usbcore: registered new interface driver usbfs
[    0.940341] usbcore: registered new interface driver hub
[    0.944066] usbcore: registered new device driver usb
[    0.948713] EDAC MC: Ver: 3.0.0
[    0.968684] PCI: Using ACPI for IRQ routing
[    0.989472] NetLabel: Initializing
[    1.004010] NetLabel:  domain hash size = 128
[    1.020012] NetLabel:  protocols = UNLABELED CIPSOv4 CALIPSO
[    1.036401] NetLabel:  unlabeled traffic allowed by default
[    1.052830] clocksource: Switched to clocksource kvm-clock
[    1.095655] VFS: Disk quotas dquot_6.6.0
[    1.095655] VFS: Dquot-cache hash table entries: 512 (order 0, 4096 bytes)
[    1.095655] AppArmor: AppArmor Filesystem Enabled
[    1.095655] pnp: PnP ACPI init
[    1.095655] pnp: PnP ACPI: found 3 devices
[    1.303132] clocksource: acpi_pm: mask: 0xffffff max_cycles: 0xffffff, max_idle_ns: 2085701024 ns
[    1.305184] NET: Registered protocol family 2
[    1.305184] IP idents hash table entries: 16384 (order: 5, 131072 bytes)
[    1.369365] TCP established hash table entries: 8192 (order: 4, 65536 bytes)
[    1.372299] TCP bind hash table entries: 8192 (order: 5, 131072 bytes)
[    1.372299] TCP: Hash tables configured (established 8192 bind 8192)
[    1.372299] UDP hash table entries: 512 (order: 2, 16384 bytes)
[    1.372299] UDP-Lite hash table entries: 512 (order: 2, 16384 bytes)
[    1.372299] NET: Registered protocol family 1
[    1.372299] pci 0000:00:00.0: Limiting direct PCI/PCI transfers
[    1.372299] pci 0000:00:01.0: Activating ISA DMA hang workarounds
[    1.372299] pci 0000:00:02.0: Video device with shadowed ROM at [mem 0x000c0000-0x000dffff]
[    1.372299] Unpacking initramfs...
[    2.680590] Freeing initrd memory: 19528K
[    2.691961] clocksource: tsc: mask: 0xffffffffffffffff max_cycles: 0x1e367b4998c, max_idle_ns: 440795283512 ns
[    2.714225] platform rtc_cmos: registered platform RTC device (no PNP device found)
[    2.732297] Scanning for low memory corruption every 60 seconds
[    2.750930] Initialise system trusted keyrings
[    2.761172] Key type blacklist registered
[    2.772510] workingset: timestamp_bits=36 max_order=18 bucket_order=0
[    2.791195] zbud: loaded
[    2.801570] squashfs: version 4.0 (2009/01/31) Phillip Lougher
[    2.818679] fuse init (API version 7.26)
[    2.916979] Key type asymmetric registered
[    2.926722] Asymmetric key parser 'x509' registered
[    2.939801] Block layer SCSI generic (bsg) driver version 0.4 loaded (major 246)
[    2.958436] io scheduler noop registered
[    2.967766] io scheduler deadline registered
[    2.978569] io scheduler cfq registered (default)
[    2.993638] ACPI: AC Adapter [AC] (off-line)
[    3.004850] input: Power Button as /devices/LNXSYSTM:00/LNXPWRBN:00/input/input0
[    3.023101] ACPI: Power Button [PWRF]
[    3.031795] input: Sleep Button as /devices/LNXSYSTM:00/LNXSLPBN:00/input/input1
[    3.047300] ACPI: Sleep Button [SLPF]
[    3.060431] Serial: 8250/16550 driver, 32 ports, IRQ sharing enabled
[    3.063601] ACPI: Battery Slot [BAT0] (battery present)
[    3.116273] 00:02: ttyS0 at I/O 0x3f8 (irq = 4, base_baud = 115200) is a 16550A
[    3.172865] Linux agpgart interface v0.103
[    3.206117] loop: module loaded
[    3.219221] scsi host0: ata_piix
[    3.230370] scsi host1: ata_piix
[    3.238753] ata1: PATA max UDMA/33 cmd 0x1f0 ctl 0x3f6 bmdma 0xd000 irq 14
[    3.253873] ata2: PATA max UDMA/33 cmd 0x170 ctl 0x376 bmdma 0xd008 irq 15
[    3.270172] tun: Universal TUN/TAP device driver, 1.6
[    3.281086] PPP generic driver version 2.4.2
[    3.290633] ehci_hcd: USB 2.0 'Enhanced' Host Controller (EHCI) Driver
[    3.303173] ehci-pci: EHCI PCI platform driver
[    3.313225] ehci-platform: EHCI generic platform driver
[    3.324692] ohci_hcd: USB 1.1 'Open' Host Controller (OHCI) Driver
[    3.338194] ohci-pci: OHCI PCI platform driver
[    3.350086] ohci-platform: OHCI generic platform driver
[    3.362572] uhci_hcd: USB Universal Host Controller Interface driver
[    3.376757] i8042: PNP: PS/2 Controller [PNP0303:PS2K,PNP0f03:PS2M] at 0x60,0x64 irq 1,12
[    3.402086] serio: i8042 KBD port at 0x60,0x64 irq 1
[    3.413983] serio: i8042 AUX port at 0x60,0x64 irq 12
[    3.426591] mousedev: PS/2 mouse device common for all mice
[    3.445563] rtc_cmos rtc_cmos: rtc core: registered rtc_cmos as rtc0
[    3.459539] rtc_cmos rtc_cmos: alarms up to one day, 114 bytes nvram
[    3.473496] i2c /dev entries driver
[    3.480572] device-mapper: uevent: version 1.0.3
[    3.490689] device-mapper: ioctl: 4.37.0-ioctl (2017-09-20) initialised: dm-devel@redhat.com
[    3.548591] ledtrig-cpu: registered to indicate activity on CPUs
[    3.565624] input: AT Translated Set 2 keyboard as /devices/platform/i8042/serio0/input/input2
[    3.566593] NET: Registered protocol family 10
[    3.618333] Segment Routing with IPv6
[    3.628379] NET: Registered protocol family 17
[    3.640957] Key type dns_resolver registered
[    3.654012] mce: Using 0 MCE banks
[    3.663122] RAS: Correctable Errors collector initialized.
[    3.677232] sched_clock: Marking stable (3676985819, 0)->(5831270170, -2154284351)
[    3.701546] registered taskstats version 1
[    3.711982] Loading compiled-in X.509 certificates
[    3.733898] Loaded X.509 cert 'Build time autogenerated kernel key: b5b26778eaa3ab3a4a6cee031137706e947d12ad'
[    3.758832] Loaded X.509 cert 'Canonical Ltd. Live Patch Signing: 14df34d1a87cf37625abec039ef2bf521249b969'
[    3.782182] Loaded X.509 cert 'Canonical Ltd. Kernel Module Signing: 88f752e560a1e0737e31163a466ad7b70a850c19'
[    3.806387] blacklist: Loading compiled-in revocation X.509 certificates
[    3.822957] Loaded X.509 cert 'Canonical Ltd. Secure Boot Signing: 61482aa2830d0ab2ad5af10b7250da9033ddcef0'
[    3.847001] Loaded X.509 cert 'Canonical Ltd. Secure Boot Signing (2017): 242ade75ac4a15e50d50c84b0d45ff3eae707a03'
[    3.870994] Loaded X.509 cert 'Canonical Ltd. Secure Boot Signing (ESM 2018): 365188c1d374d6b07c3c8f240f8ef722433d6a8b'
[    3.896317] Loaded X.509 cert 'Canonical Ltd. Secure Boot Signing (2019): c0746fd6c5da3ae827864651ad66ae47fe24b3e8'
[    3.920415] Loaded X.509 cert 'Canonical Ltd. Secure Boot Signing (2021 v1): a8d54bbb3825cfb94fa13c9f8a594a195c107b8d'
[    3.946118] Loaded X.509 cert 'Canonical Ltd. Secure Boot Signing (2021 v2): 4cf046892d6fd3c9a5b03f98d845f90851dc6a8c'
[    3.970728] Loaded X.509 cert 'Canonical Ltd. Secure Boot Signing (2021 v3): 100437bb6de6e469b581e61cd66bce3ef4ed53af'
[    3.995119] Loaded X.509 cert 'Canonical Ltd. Secure Boot Signing (Ubuntu Core 2019): c1d57b8f6b743f23ee41f4f7ee292f06eecadfb9'
[    4.023073] zswap: loaded using pool lzo/zbud
[    4.064698] Key type big_key registered
[    4.075327] Key type trusted registered
[    4.094141] Key type encrypted registered
[    4.103172] AppArmor: AppArmor sha1 policy hashing enabled
[    4.117428] ima: No TPM chip found, activating TPM-bypass! (rc=-19)
[    4.130850] ima: Allocated hash algorithm: sha1
[    4.140379] evm: HMAC attrs: 0x1
[    4.151440]   Magic number: 0:132:506
[    4.162687] rtc_cmos rtc_cmos: setting system clock to 2024-03-09 00:32:31 UTC (1709944351)
[    4.182284] BIOS EDD facility v0.16 2004-Jun-25, 0 devices found
[    4.196300] EDD information not available.
[    4.212776] Freeing unused kernel image memory: 2480K
[    4.259423] Write protecting the kernel read-only data: 20480k
[    4.276510] Freeing unused kernel image memory: 2008K
[    4.293909] Freeing unused kernel image memory: 1820K
[    4.340022] x86/mm: Checked W+X mappings: passed, no W+X pages found.
Loading, please wait...
starting version 237
[    4.622878] e1000: Intel(R) PRO/1000 Network Driver - version 7.3.21-k8-NAPI
[    4.636743] e1000: Copyright (c) 1999-2006 Intel Corporation.
[    4.671078] Fusion MPT base driver 3.04.20
[    4.682401] Copyright (c) 1999-2008 LSI Corporation
[    4.808779] Fusion MPT SPI Host driver 3.04.20
[    4.826189] SSE version of gcm_enc/dec engaged.
[    5.000717] input: ImExPS/2 Generic Explorer Mouse as /devices/platform/i8042/serio1/input/input4
[    6.078877] e1000 0000:00:03.0 eth0: (PCI:33MHz:32-bit) 02:3b:7b:b7:3b:2d
[    6.094479] e1000 0000:00:03.0 eth0: Intel(R) PRO/1000 Network Connection
[    7.542752] e1000 0000:00:08.0 eth1: (PCI:33MHz:32-bit) 08:00:27:de:db:02
[    7.557629] e1000 0000:00:08.0 eth1: Intel(R) PRO/1000 Network Connection
[    7.577669] e1000 0000:00:03.0 enp0s3: renamed from eth0
[    7.581496] mptbase: ioc0: Initiating bringup
[    7.606596] e1000 0000:00:08.0 enp0s8: renamed from eth1
[    8.094009] ioc0: LSI53C1030 A0: Capabilities={Initiator}
[    8.387245] scsi host2: ioc0: LSI53C1030 A0, FwRev=00000000h, Ports=1, MaxQ=256, IRQ=20
[    8.579423] scsi 2:0:0:0: Direct-Access     VBOX     HARDDISK         1.0  PQ: 0 ANSI: 5
[    8.632420] scsi target2:0:0: Beginning Domain Validation
[    8.668034] scsi target2:0:0: Domain Validation skipping write tests
[    8.683312] scsi target2:0:0: Ending Domain Validation
[    8.697714] scsi target2:0:0: asynchronous
[    8.712900] scsi 2:0:1:0: Direct-Access     VBOX     HARDDISK         1.0  PQ: 0 ANSI: 5
[    9.024516] scsi target2:0:1: Beginning Domain Validation
[    9.056016] scsi target2:0:1: Domain Validation skipping write tests
[    9.071041] scsi target2:0:1: Ending Domain Validation
[    9.084781] scsi target2:0:1: asynchronous
[    9.133495] sd 2:0:0:0: Attached scsi generic sg0 type 0
[    9.151906] sd 2:0:0:0: [sda] 83886080 512-byte logical blocks: (42.9 GB/40.0 GiB)
[    9.156749] sd 2:0:1:0: [sdb] 20480 512-byte logical blocks: (10.5 MB/10.0 MiB)
[    9.174280] sd 2:0:1:0: Attached scsi generic sg1 type 0
[    9.194854] sd 2:0:0:0: [sda] Write Protect is off
[    9.206337] sd 2:0:1:0: [sdb] Write Protect is off
[    9.232411] sd 2:0:0:0: [sda] Incomplete mode parameter data
[    9.232498] sd 2:0:1:0: [sdb] Incomplete mode parameter data
[    9.245732] sd 2:0:0:0: [sda] Assuming drive cache: write through
[    9.257779] sd 2:0:1:0: [sdb] Assuming drive cache: write through
[    9.300943]  sda: sda1
[    9.321231] sd 2:0:0:0: [sda] Attached SCSI disk
[    9.339481] sd 2:0:1:0: [sdb] Attached SCSI disk
Begin: Loading essential drivers ... [   12.990106] raid6: sse2x1   gen() 71124 MB/s
[   13.989764] raid6: sse2x1   xor() 92198 MB/s
[   15.988719] raid6: sse2x2   gen() 204132 MB/s
[   17.990665] raid6: sse2x2   xor() 134593 MB/s
[   18.052777] raid6: sse2x4   gen()  8938 MB/s
[   18.124973] raid6: sse2x4   xor()  5940 MB/s
[   18.135507] raid6: using algorithm sse2x2 gen() 204132 MB/s
[   18.150152] raid6: .... xor() 134593 MB/s, rmw enabled
[   18.162897] raid6: using ssse3x2 recovery algorithm
[   18.179750] xor: measuring software checksum speed
[   18.228912]    prefetch64-sse:  8270.000 MB/sec
[   18.277086]    generic_sse:  9266.000 MB/sec
[   18.286680] xor: using function: generic_sse (9266.000 MB/sec)
[   18.305504] async_tx: api initialized (async)
done.
Begin: Running /scripts/init-premount ... done.
Begin: Mounting root file system ... Begin: Running /scripts/local-top ... done.
Begin: Running /scripts/local-premount ... [   18.443264] Btrfs loaded, crc32c=crc32c-intel
Scanning for Btrfs filesystems
done.
Warning: fsck not present, so skipping root file system
[   18.607951] EXT4-fs (sda1): mounted filesystem with ordered data mode. Opts: (null)
done.
Begin: Running /scripts/local-bottom ... done.
Begin: Running /scripts/init-bottom ... done.
[   19.131019] ip_tables: (C) 2000-2006 Netfilter Core Team
[   19.188243] systemd[1]: systemd 237 running in system mode. (+PAM +AUDIT +SELINUX +IMA +APPARMOR +SMACK +SYSVINIT +UTMP +LIBCRYPTSETUP +GCRYPT +GNUTLS +ACL +XZ +LZ4 +SECCOMP +BLKID +ELFUTILS +KMOD -IDN2 +IDN -PCRE2 default-hierarchy=hybrid)
[   19.229019] systemd[1]: Detected virtualization oracle.
[   19.241021] systemd[1]: Detected architecture x86-64.

Welcome to [1mUbuntu 18.04.6 LTS[0m!

[   19.330807] systemd[1]: Set hostname to <ubuntu>.
[   19.357189] systemd[1]: Initializing machine ID from random generator.
[   19.371219] systemd[1]: Installed transient /etc/machine-id file.
[   20.455768] systemd[1]: Started Forward Password Requests to Wall Directory Watch.
[[0;32m  OK  [0m] Started Forward Password Requests to Wall Directory Watch.
[   20.494652] systemd[1]: Reached target User and Group Name Lookups.
[[0;32m  OK  [0m] Reached target User and Group Name Lookups.
[   20.554279] systemd[1]: Created slice System Slice.
[[0;32m  OK  [0m] Created slice System Slice.
[   20.574893] systemd[1]: Listening on Device-mapper event daemon FIFOs.
[[0;32m  OK  [0m] Listening on Device-mapper event daemon FIFOs.
[[0;32m  OK  [0m] Listening on fsck to fsckd communication Socket.
[[0;32m  OK  [0m] Listening on Journal Audit Socket.
[[0;32m  OK  [0m] Listening on LVM2 metadata daemon socket.
[[0;32m  OK  [0m] Listening on udev Control Socket.
[[0;32m  OK  [0m] Listening on /dev/initctl Compatibility Named Pipe.
[[0;32m  OK  [0m] Listening on Journal Socket.
         Starting File System Check on Root Device...
         Starting Monitoring of LVM2 mirrors…ng dmeventd or progress polling...
[[0;32m  OK  [0m] Reached target Mounting snaps.
[[0;32m  OK  [0m] Reached target Mounted snaps.
         Mounting Huge Pages File System...
         Starting Uncomplicated firewall...
[[0;32m  OK  [0m] Reached target System Time Synchronized.
         Mounting Kernel Debug File System...
         Mounting POSIX Message Queue File System...
[[0;32m  OK  [0m] Listening on udev Kernel Socket.
         Starting udev Coldplug all Devices...
         Starting Load Kernel Modules...
[[0;32m  OK  [0m] Listening on Syslog Socket.
[[0;32m  OK  [0m] Created slice User and Session Slice.
[[0;32m  OK  [0m] Reached target Slices.
[[0;32m  OK  [0m] Listening on Journal Socket (/dev/log).
         Starting Journal Service...
[   21.021272] Loading iSCSI transport class v2.0-870.
         Starting Set the console keyboard layout...
[[0;32m  OK  [0m] Created slice system-serial\x2dgetty.slice.
         Starting Create list of required st…ce nodes for the current kernel...
[[0;32m  OK  [0m] Reached target Swap.
[[0;32m  OK  [0m] Listening on LVM2 poll daemon socket.
[[0;32m  OK  [0m] Set up automount Arbitrary Executab…rmats File System Automount Point.
[[0;32m  OK  [0m] Listening on Network Service Netlink Socket.
[[0;32m  OK  [0m] Started File System Check on Root Device.
[[0;32m  OK  [0m] Mounted Huge Pages File System.
[[0;32m  OK  [0m] Started Uncomplicated firewall.
[[0;32m  OK  [0m] Mounted Kernel Debug File System.
[[0;32m  OK  [0m] Mounted POSIX Message Queue File System.
[[0;32m  OK  [0m] Started Create list of required sta…vice nodes for the current kernel.
[[0;32m  OK  [0m] Started File System Check Daemon to report status.
[   21.196848] iscsi: registered transport (tcp)
[[0;32m  OK  [0m] Started LVM2 metadata daemon.
         Starting Create Static Device Nodes in /dev...
         Starting Remount Root and Kernel File Systems...
[[0;32m  OK  [0m] Started Journal Service.
[   21.327539] EXT4-fs (sda1): re-mounted. Opts: (null)
[[0;32m  OK  [0m] Started Remount Root and Kernel File Systems.
         Starting Flush Journal to Persistent Storage...
         Starting Load/Save Random Seed...
[[0;32m  OK  [0m] Started Monitoring of LVM2 mirrors,…sing dmeventd or progress polling.
[[0;32m  OK  [0m] Started udev Coldplug all Devices.
[   21.451309] systemd-journald[419]: Received request to flush runtime journal from PID 1
[[0;32m  OK  [0m] Started Create Static Device Nodes in /dev.
         Starting udev Kernel Device Manager...
[[0;32m  OK  [0m] Started Load/Save Random Seed.
[[0;32m  OK  [0m] Started Flush Journal to Persistent Storage.
[   21.732934] iscsi: registered transport (iser)
[[0;32m  OK  [0m] Started Load Kernel Modules.
         Starting Apply Kernel Variables...
         Mounting FUSE Control File System...
         Mounting Kernel Configuration File System...
[[0;32m  OK  [0m] Mounted Kernel Configuration File System.
[[0;32m  OK  [0m] Mounted FUSE Control File System.
[[0;32m  OK  [0m] Started Apply Kernel Variables.
[[0;32m  OK  [0m] Started udev Kernel Device Manager.
[[0;32m  OK  [0m] Found device /dev/ttyS0.
[[0;32m  OK  [0m] Listening on Load/Save RF Kill Switch Status /dev/rfkill Watch.
[[0;32m  OK  [0m] Started Set the console keyboard layout.
[[0;32m  OK  [0m] Reached target Local File Systems (Pre).
[[0;32m  OK  [0m] Reached target Local File Systems.
         Starting Set console font and keymap...
         Starting AppArmor initialization...
         Starting Create Volatile Files and Directories...
         Starting ebtables ruleset management...
         Starting Commit a transient machine-id on disk...
         Starting Tell Plymouth To Write Out Runtime Data...
[[0;32m  OK  [0m] Started Dispatch Password Requests to Console Directory Watch.
[[0;32m  OK  [0m] Reached target Local Encrypted Volumes.
         Mounting Arbitrary Executable File Formats File System...
[[0;32m  OK  [0m] Started Tell Plymouth To Write Out Runtime Data.
[[0;32m  OK  [0m] Mounted Arbitrary Executable File Formats File System.
[[0;32m  OK  [0m] Started Commit a transient machine-id on disk.
[[0;32m  OK  [0m] Started Create Volatile Files and Directories.
         Starting Update UTMP about System Boot/Shutdown...
[[0;32m  OK  [0m] Started Update UTMP about System Boot/Shutdown.
[[0;32m  OK  [0m] Started ebtables ruleset management.
[[0;32m  OK  [0m] Started AppArmor initialization.
         Starting Load AppArmor profiles managed internally by snapd...
         Starting Initial cloud-init job (pre-networking)...
[[0;32m  OK  [0m] Started Load AppArmor profiles managed internally by snapd.
[[0;32m  OK  [0m] Started Set console font and keymap.
[   31.415095] cloud-init[770]: Cloud-init v. 23.1.2-0ubuntu0~18.04.1 running 'init-local' at Sat, 09 Mar 2024 00:32:57 +0000. Up 30.50 seconds.
[[0;32m  OK  [0m] Started Initial cloud-init job (pre-networking).
[[0;32m  OK  [0m] Reached target Network (Pre).
         Starting Network Service...
[[0;32m  OK  [0m] Started Network Service.
         Starting Network Name Resolution...
         Starting Wait for Network to be Configured...
[[0;32m  OK  [0m] Started Network Name Resolution.
[[0;32m  OK  [0m] Reached target Network.
[[0;32m  OK  [0m] Reached target Host and Network Name Lookups.
[[0;32m  OK  [0m] Started Wait for Network to be Configured.
         Starting Initial cloud-init job (metadata service crawler)...
[   34.751603] cloud-init[917]: Cloud-init v. 23.1.2-0ubuntu0~18.04.1 running 'init' at Sat, 09 Mar 2024 00:33:01 +0000. Up 34.38 seconds.
[   34.769764] cloud-init[917]: ci-info: ++++++++++++++++++++++++++++++++++++++Net device info+++++++++++++++++++++++++++++++++++++++
[   34.780733] cloud-init[917]: ci-info: +--------+-------+----------------------------+---------------+--------+-------------------+
[   34.790919] cloud-init[917]: ci-info: | Device |   Up  |          Address           |      Mask     | Scope  |     Hw-Address    |
[   34.802775] cloud-init[917]: ci-info: +--------+-------+----------------------------+---------------+--------+-------------------+
[   34.817126] cloud-init[917]: ci-info: | enp0s3 |  True |         10.0.2.15          | 255.255.255.0 | global | 02:3b:7b:b7:3b:2d |
[   34.826106] cloud-init[917]: ci-info: | enp0s3 |  True | fe80::3b:7bff:feb7:3b2d/64 |       .       |  link  | 02:3b:7b:b7:3b:2d |
[   34.841175] cloud-init[917]: ci-info: | enp0s8 | False |             .              |       .       |   .    | 08:00:27:de:db:02 |
[   34.857711] cloud-init[917]: ci-info: |   lo   |  True |         127.0.0.1          |   255.0.0.0   |  host  |         .         |
[   34.871464] cloud-init[917]: ci-info: |   lo   |  True |          ::1/128           |       .       |  host  |         .         |
[   34.889940] cloud-init[917]: ci-info: +--------+-------+----------------------------+---------------+--------+-------------------+
[   34.905664] cloud-init[917]: ci-info: ++++++++++++++++++++++++++++Route IPv4 info+++++++++++++++++++++++++++++
[   34.922645] cloud-init[917]: ci-info: +-------+-------------+----------+-----------------+-----------+-------+
[   34.939386] cloud-init[917]: ci-info: | Route | Destination | Gateway  |     Genmask     | Interface | Flags |
[   34.955164] cloud-init[917]: ci-info: +-------+-------------+----------+-----------------+-----------+-------+
[   34.971446] cloud-init[917]: ci-info: |   0   |   0.0.0.0   | 10.0.2.2 |     0.0.0.0     |   enp0s3  |   UG  |
[   34.988467] cloud-init[917]: ci-info: |   1   |   10.0.2.0  | 0.0.0.0  |  255.255.255.0  |   enp0s3  |   U   |
[   35.006108] cloud-init[917]: ci-info: |   2   |   10.0.2.2  | 0.0.0.0  | 255.255.255.255 |   enp0s3  |   UH  |
[   35.022016] cloud-init[917]: ci-info: +-------+-------------+----------+-----------------+-----------+-------+
[   35.035369] cloud-init[917]: ci-info: +++++++++++++++++++Route IPv6 info+++++++++++++++++++
[   35.049964] cloud-init[917]: ci-info: +-------+-------------+---------+-----------+-------+
[   35.065569] cloud-init[917]: ci-info: | Route | Destination | Gateway | Interface | Flags |
[   35.083277] cloud-init[917]: ci-info: +-------+-------------+---------+-----------+-------+
[   35.097995] cloud-init[917]: ci-info: |   1   |  fe80::/64  |    ::   |   enp0s3  |   U   |
[   35.113332] cloud-init[917]: ci-info: |   3   |    local    |    ::   |   enp0s3  |   U   |
[   35.129448] cloud-init[917]: ci-info: |   4   |   ff00::/8  |    ::   |   enp0s3  |   U   |
[   35.144806] cloud-init[917]: ci-info: +-------+-------------+---------+-----------+-------+
[   37.169951] cloud-init[917]: Generating public/private rsa key pair.
[   37.176009] cloud-init[917]: Your identification has been saved in /etc/ssh/ssh_host_rsa_key.
[   37.182799] cloud-init[917]: Your public key has been saved in /etc/ssh/ssh_host_rsa_key.pub.
[   37.190331] cloud-init[917]: The key fingerprint is:
[   37.195386] cloud-init[917]: SHA256:VPiwxTwVEY3m7KY/gJ3gEy58yr0LGk+RJzuy9+0iIXc root@ubuntu-bionic
[   37.202987] cloud-init[917]: The key's randomart image is:
[   37.212236] cloud-init[917]: +---[RSA 2048]----+
[   37.217738] cloud-init[917]: |         +..=*   |
[   37.222025] cloud-init[917]: |        o.= o .  |
[   37.226406] cloud-init[917]: |        .= =     |
[   37.230374] cloud-init[917]: |       o+ . o    |
[   37.235346] cloud-init[917]: |     .+oS= o     |
[   37.239157] cloud-init[917]: |    . ==E + o    |
[   37.242902] cloud-init[917]: |    o+=B . +     |
[   37.247080] cloud-init[917]: |     B=oo.. .    |
[   37.252023] cloud-init[917]: |    o..o+=o...   |
[   37.257575] cloud-init[917]: +----[SHA256]-----+
[   37.261727] cloud-init[917]: Generating public/private dsa key pair.
[   37.267041] cloud-init[917]: Your identification has been saved in /etc/ssh/ssh_host_dsa_key.
[   37.275543] cloud-init[917]: Your public key has been saved in /etc/ssh/ssh_host_dsa_key.pub.
[   37.282531] cloud-init[917]: The key fingerprint is:
[   37.287236] cloud-init[917]: SHA256:i/sL/VzsX+PLIrO5GLlBZdQ+HGE4mbUFMiutBK5LDIQ root@ubuntu-bionic
[   37.297140] cloud-init[917]: The key's randomart image is:
[   37.302069] cloud-init[917]: +---[DSA 1024]----+
[   37.307280] cloud-init[917]: |  ..   .   +*=o. |
[   37.313106] cloud-init[917]: | E.   . . o==oo  |
[   37.319536] cloud-init[917]: |   .   . o =+..  |
[   37.324026] cloud-init[917]: |    o . . =  +   |
[   37.329654] cloud-init[917]: |     +  So    .  |
[   37.335166] cloud-init[917]: |    . .o....     |
[   37.340009] cloud-init[917]: |     .o o+  o  ..|
[   37.347340] cloud-init[917]: |       o o==..o..|
[   37.353389] cloud-init[917]: |      ..o+o+*.o+.|
[   37.363893] cloud-init[917]: +----[SHA256]-----+
[   37.373484] cloud-init[917]: Generating public/private ecdsa key pair.
[   37.383064] cloud-init[917]: Your identification has been saved in /etc/ssh/ssh_host_ecdsa_key.
[   37.393147] cloud-init[917]: Your public key has been saved in /etc/ssh/ssh_host_ecdsa_key.pub.
[   37.403218] cloud-init[917]: The key fingerprint is:
[   37.409884] cloud-init[917]: SHA256:lsTJ2pHIEZClmAv/JGVK7znwsYMq2pLUcE38ePr1okg root@ubuntu-bionic
[   37.419222] cloud-init[917]: The key's randomart image is:
[   37.425199] cloud-init[917]: +---[ECDSA 256]---+
[   37.429891] cloud-init[917]: |    o++.         |
[   37.434856] cloud-init[917]: |   o.= = o       |
[   37.440510] cloud-init[917]: |. + * = B        |
[   37.445383] cloud-init[917]: | = B o * o       |
[   37.450342] cloud-init[917]: |  X + + S        |
[   37.455296] cloud-init[917]: | . X = . .       |
[   37.461115] cloud-init[917]: |... OE. . .      |
[   37.465643] cloud-init[917]: |+o  .o.. . .     |
[   37.470902] cloud-init[917]: |=..  . .. .      |
[   37.475227] cloud-init[917]: +----[SHA256]-----+
[   37.479964] cloud-init[917]: Generating public/private ed25519 key pair.
[   37.486493] cloud-init[917]: Your identification has been saved in /etc/ssh/ssh_host_ed25519_key.
[   37.494412] cloud-init[917]: Your public key has been saved in /etc/ssh/ssh_host_ed25519_key.pub.
[   37.503093] cloud-init[917]: The key fingerprint is:
[   37.507944] cloud-init[917]: SHA256:OuiN7Ccs3Xut25cfYw3myOXckTQc99eHwakFU8bQc1Q root@ubuntu-bionic
[   37.516874] cloud-init[917]: The key's randomart image is:
[   37.522679] cloud-init[917]: +--[ED25519 256]--+
[   37.527119] cloud-init[917]: |            +B++E|
[   37.532816] cloud-init[917]: |             oOo*|
[   37.537911] cloud-init[917]: |             o.*=|
[   37.543789] cloud-init[917]: |            . . =|
[   37.548666] cloud-init[917]: |        S     +o |
[   37.553163] cloud-init[917]: |     . .   . B +.|
[   37.558248] cloud-init[917]: |   o..o  .  o.B o|
[   37.565272] cloud-init[917]: |  .o+oo.... o. o |
[   37.574597] cloud-init[917]: |   o=ooooo.. ..  |
[   37.597843] cloud-init[917]: +----[SHA256]-----+
[[0;32m  OK  [0m] Started Initial cloud-init job (metadata service crawler).
[[0;32m  OK  [0m] Reached target Cloud-config availability.
[[0;32m  OK  [0m] Reached target Network is Online.
[[0;32m  OK  [0m] Reached target Remote File Systems (Pre).
[[0;32m  OK  [0m] Reached target Remote File Systems.
         Starting Availability of block devices...
[[0;32m  OK  [0m] Reached target System Initialization.
[[0;32m  OK  [0m] Listening on UUID daemon activation socket.
[[0;32m  OK  [0m] Started Ubuntu Advantage Timer for running repeated jobs.
[[0;32m  OK  [0m] Started Daily Cleanup of Temporary Directories.
         Starting Socket activation for snappy daemon.
[[0;32m  OK  [0m] Started Daily apt download activities.
[[0;32m  OK  [0m] Started Daily apt upgrade and clean activities.
[[0;32m  OK  [0m] Started Discard unused blocks once a week.
[[0;32m  OK  [0m] Started ACPI Events Check.
[[0;32m  OK  [0m] Listening on D-Bus System Message Bus Socket.
[[0;32m  OK  [0m] Listening on Open-iSCSI iscsid Socket.
         Starting LXD - unix socket.
[[0;32m  OK  [0m] Listening on ACPID Listen Socket.
[[0;32m  OK  [0m] Started Message of the Day.
[[0;32m  OK  [0m] Reached target Timers.
[[0;32m  OK  [0m] Reached target Paths.
[[0;32m  OK  [0m] Listening on cloud-init hotplug hook socket.
[[0;32m  OK  [0m] Started Availability of block devices.
[[0;32m  OK  [0m] Listening on Socket activation for snappy daemon.
[[0;32m  OK  [0m] Listening on LXD - unix socket.
[[0;32m  OK  [0m] Reached target Sockets.
[[0;32m  OK  [0m] Reached target Basic System.
[[0;32m  OK  [0m] Started irqbalance daemon.
         Starting System Logging Service...
         Starting LSB: Record successful boot for GRUB...
         Starting Virtualbox guest utils...
[[0;32m  OK  [0m] Started FUSE filesystem for LXC.
[[0;32m  OK  [0m] Started Regular background program processing daemon.
[[0;32m  OK  [0m] Started Deferred execution scheduler.
         Starting Pollinate to seed the pseudo random number generator...
         Starting Login Service...
         Starting Permit User Sessions...
         Starting Dispatcher daemon for systemd-networkd...
[[0;32m  OK  [0m] Started D-Bus System Message Bus.
         Starting Snap Daemon...
         Starting LSB: automatic crash report generation...
[[0;32m  OK  [0m] Reached target Login Prompts (Pre).
         Starting Accounts Service...
         Starting LXD - container startup/shutdown...
[[0;32m  OK  [0m] Started System Logging Service.
[[0;32m  OK  [0m] Started Permit User Sessions.
[[0;32m  OK  [0m] Started Login Service.
[[0;32m  OK  [0m] Started Unattended Upgrades Shutdown.
         Starting Terminate Plymouth Boot Screen...
         Starting Hold until boot process finishes up...
[[0;32m  OK  [0m] Started Terminate Plymouth Boot Screen.
[[0;32m  OK  [0m] Started Hold until boot process finishes up.
         Starting Set console scheme...
[[0;32m  OK  [0m] Started Serial Getty on ttyS0.
[[0;32m  OK  [0m] Started Set console scheme.
[[0;32m  OK  [0m] Created slice system-getty.slice.
[[0;32m  OK  [0m] Started Getty on tty1.
[[0;32m  OK  [0m] Reached target Login Prompts.
[[0;32m  OK  [0m] Started LSB: automatic crash report generation.
[[0;32m  OK  [0m] Started LSB: Record successful boot for GRUB.
         Starting Authorization Manager...
[[0;32m  OK  [0m] Started Authorization Manager.
[[0;32m  OK  [0m] Started Accounts Service.
[[0;32m  OK  [0m] Started Virtualbox guest utils.
[[0;32m  OK  [0m] Started LXD - container startup/shutdown.
[[0;32m  OK  [0m] Started Dispatcher daemon for systemd-networkd.
[[0;32m  OK  [0m] Started Snap Daemon.
         Starting Wait until snapd is fully seeded...
[[0;32m  OK  [0m] Started Pollinate to seed the pseudo random number generator.
         Starting OpenBSD Secure Shell server...
[[0;32m  OK  [0m] Started OpenBSD Secure Shell server.
[[0;32m  OK  [0m] Created slice User Slice of vagrant.
         Starting User Manager for UID 1000...
[[0;32m  OK  [0m] Started Session 1 of user vagrant.
[[0;32m  OK  [0m] Started User Manager for UID 1000.

Ubuntu 18.04.6 LTS ubuntu-bionic ttyS0

ubuntu-bionic login: [   48.147784] cloud-init[1449]: Cloud-init v. 23.1.2-0ubuntu0~18.04.1 running 'modules:config' at Sat, 09 Mar 2024 00:33:13 +0000. Up 45.68 seconds.
ci-info: no authorized SSH keys fingerprints found for user ubuntu.
<14>Mar  9 00:33:18 cloud-init: #############################################################
<14>Mar  9 00:33:18 cloud-init: -----BEGIN SSH HOST KEY FINGERPRINTS-----
<14>Mar  9 00:33:18 cloud-init: 1024 SHA256:i/sL/VzsX+PLIrO5GLlBZdQ+HGE4mbUFMiutBK5LDIQ root@ubuntu-bionic (DSA)
<14>Mar  9 00:33:18 cloud-init: 256 SHA256:lsTJ2pHIEZClmAv/JGVK7znwsYMq2pLUcE38ePr1okg root@ubuntu-bionic (ECDSA)
<14>Mar  9 00:33:18 cloud-init: 256 SHA256:OuiN7Ccs3Xut25cfYw3myOXckTQc99eHwakFU8bQc1Q root@ubuntu-bionic (ED25519)
<14>Mar  9 00:33:18 cloud-init: 2048 SHA256:VPiwxTwVEY3m7KY/gJ3gEy58yr0LGk+RJzuy9+0iIXc root@ubuntu-bionic (RSA)
<14>Mar  9 00:33:18 cloud-init: -----END SSH HOST KEY FINGERPRINTS-----
<14>Mar  9 00:33:18 cloud-init: #############################################################
-----BEGIN SSH HOST KEY KEYS-----
ecdsa-sha2-nistp256 AAAAE2VjZHNhLXNoYTItbmlzdHAyNTYAAAAIbmlzdHAyNTYAAABBBIUzOoMcy8tr7e3PLYt959RYCVFikr2TALLW7QvIrSNR71zJ4TgLEFxUraeR80JF2+H9O68vqbzNo8pJ/V/OaWY= root@ubuntu-bionic
ssh-ed25519 AAAAC3NzaC1lZDI1NTE5AAAAIIxmHrKrz84E/u9kvb7V6Rt4buk50QYhc5rDA+qKSD6q root@ubuntu-bionic
ssh-rsa AAAAB3NzaC1yc2EAAAADAQABAAABAQC1TjTMgH3UWwJ4NjVjDR/UZjiSVGdxhkOmMLGhMUVVQIGWYH4rE5imP/V5qtqWOxMJxWx2xDHF1AZrFxZQxHyFyKvdQ2k0aOFcIM0gVUv+FvpzjWvnVWx4SYkJ0agJrIWkEew2+qM7Oe3ZB32VfA81cIirPNy/3fnsLZil6wo9gJNkbn8/RzMzYqsv1mriuIkHiO4JS3xMg2LT5bdwdfU/foslI8xivRgfVQKrXSfjwVdVaSKN1qyrw5ld/EruDbqC0MOe6GrSeSJXY4dhwEfTRHnRGQesLBEFSoMQF7lxvsXeubZBFcrpwSWzNuymY5iCqESx1s/wZAJ/dS97fv8B root@ubuntu-bionic
-----END SSH HOST KEY KEYS-----
[   51.387326] cloud-init[1566]: Cloud-init v. 23.1.2-0ubuntu0~18.04.1 running 'modules:final' at Sat, 09 Mar 2024 00:33:17 +0000. Up 50.33 seconds.
[   51.388079] cloud-init[1566]: Cloud-init v. 23.1.2-0ubuntu0~18.04.1 finished at Sat, 09 Mar 2024 00:33:18 +0000. Datasource DataSourceNoCloud [seed=/dev/sdb][dsmode=net].  Up 51.35 seconds
