[    0.000000] Linux version 4.15.0-212-generic (buildd@lcy02-amd64-083) (gcc version 7.5.0 (Ubuntu 7.5.0-3ubuntu1~18.04)) #223-Ubuntu SMP Tue May 23 13:09:22 UTC 2023 (Ubuntu 4.15.0-212.223-generic 4.15.18)
[    0.000000] Command line: BOOT_IMAGE=/boot/vmlinuz-4.15.0-212-generic root=LABEL=cloudimg-rootfs ro console=tty1 console=ttyS0
[    0.000000] KERNEL supported cpus:
[    0.000000]   Intel GenuineIntel
[    0.000000]   AMD AuthenticAMD
[    0.000000]   Centaur CentaurHauls
[    0.000000] [Firmware Bug]: TSC doesn't count with P0 frequency!
[    0.000000] x86/fpu: x87 FPU will use FXSAVE
[    0.000000] e820: BIOS-provided physical RAM map:
[    0.000000] BIOS-e820: [mem 0x0000000000000000-0x000000000009fbff] usable
[    0.000000] BIOS-e820: [mem 0x000000000009fc00-0x000000000009ffff] reserved
[    0.000000] BIOS-e820: [mem 0x00000000000f0000-0x00000000000fffff] reserved
[    0.000000] BIOS-e820: [mem 0x0000000000100000-0x000000003ffeffff] usable
[    0.000000] BIOS-e820: [mem 0x000000003fff0000-0x000000003fffffff] ACPI data
[    0.000000] BIOS-e820: [mem 0x00000000fec00000-0x00000000fec00fff] reserved
[    0.000000] BIOS-e820: [mem 0x00000000fee00000-0x00000000fee00fff] reserved
[    0.000000] BIOS-e820: [mem 0x00000000fffc0000-0x00000000ffffffff] reserved
[    0.000000] NX (Execute Disable) protection: active
[    0.000000] SMBIOS 2.5 present.
[    0.000000] DMI: innotek GmbH VirtualBox/VirtualBox, BIOS VirtualBox 12/01/2006
[    0.000000] Hypervisor detected: KVM
[    0.000000] e820: last_pfn = 0x3fff0 max_arch_pfn = 0x400000000
[    0.000000] MTRR: Disabled
[    0.000000] x86/PAT: MTRRs disabled, skipping PAT initialization too.
[    0.000000] CPU MTRRs all blank - virtualized system.
[    0.000000] x86/PAT: Configuration [0-7]: WB  WT  UC- UC  WB  WT  UC- UC  
[    0.000000] found SMP MP-table at [mem 0x0009fff0-0x0009ffff]
[    0.000000] Scanning 1 areas for low memory corruption
[    0.000000] RAMDISK: [mem 0x359cb000-0x36cdcfff]
[    0.000000] ACPI: Early table checksum verification disabled
[    0.000000] ACPI: RSDP 0x00000000000E0000 000024 (v02 VBOX  )
[    0.000000] ACPI: XSDT 0x000000003FFF0030 00003C (v01 VBOX   VBOXXSDT 00000001 ASL  00000061)
[    0.000000] ACPI: FACP 0x000000003FFF00F0 0000F4 (v04 VBOX   VBOXFACP 00000001 ASL  00000061)
[    0.000000] ACPI: DSDT 0x000000003FFF0610 002353 (v02 VBOX   VBOXBIOS 00000002 INTL 20100528)
[    0.000000] ACPI: FACS 0x000000003FFF0200 000040
[    0.000000] ACPI: FACS 0x000000003FFF0200 000040
[    0.000000] ACPI: APIC 0x000000003FFF0240 00005C (v02 VBOX   VBOXAPIC 00000001 ASL  00000061)
[    0.000000] ACPI: SSDT 0x000000003FFF02A0 00036C (v01 VBOX   VBOXCPUT 00000002 INTL 20100528)
[    0.000000] ACPI: Reserving FACP table memory at [mem 0x3fff00f0-0x3fff01e3]
[    0.000000] ACPI: Reserving DSDT table memory at [mem 0x3fff0610-0x3fff2962]
[    0.000000] ACPI: Reserving FACS table memory at [mem 0x3fff0200-0x3fff023f]
[    0.000000] ACPI: Reserving FACS table memory at [mem 0x3fff0200-0x3fff023f]
[    0.000000] ACPI: Reserving APIC table memory at [mem 0x3fff0240-0x3fff029b]
[    0.000000] ACPI: Reserving SSDT table memory at [mem 0x3fff02a0-0x3fff060b]
[    0.000000] No NUMA configuration found
[    0.000000] Faking a node at [mem 0x0000000000000000-0x000000003ffeffff]
[    0.000000] NODE_DATA(0) allocated [mem 0x3ffc5000-0x3ffeffff]
[    0.000000] kvm-clock: cpu 0, msr 0:3ff44001, primary cpu clock
[    0.000000] kvm-clock: Using msrs 4b564d01 and 4b564d00
[    0.000000] kvm-clock: using sched offset of 4529649539 cycles
[    0.000000] clocksource: kvm-clock: mask: 0xffffffffffffffff max_cycles: 0x1cd42e4dffb, max_idle_ns: 881590591483 ns
[    0.000000] Zone ranges:
[    0.000000]   DMA      [mem 0x0000000000001000-0x0000000000ffffff]
[    0.000000]   DMA32    [mem 0x0000000001000000-0x000000003ffeffff]
[    0.000000]   Normal   empty
[    0.000000]   Device   empty
[    0.000000] Movable zone start for each node
[    0.000000] Early memory node ranges
[    0.000000]   node   0: [mem 0x0000000000001000-0x000000000009efff]
[    0.000000]   node   0: [mem 0x0000000000100000-0x000000003ffeffff]
[    0.000000] Reserved but unavailable: 104 pages
[    0.000000] Initmem setup node 0 [mem 0x0000000000001000-0x000000003ffeffff]
[    0.000000] ACPI: PM-Timer IO Port: 0x4008
[    0.000000] IOAPIC[0]: apic_id 2, version 32, address 0xfec00000, GSI 0-23
[    0.000000] ACPI: INT_SRC_OVR (bus 0 bus_irq 0 global_irq 2 dfl dfl)
[    0.000000] ACPI: INT_SRC_OVR (bus 0 bus_irq 9 global_irq 9 low level)
[    0.000000] Using ACPI (MADT) for SMP configuration information
[    0.000000] smpboot: Allowing 2 CPUs, 0 hotplug CPUs
[    0.000000] PM: Registered nosave memory: [mem 0x00000000-0x00000fff]
[    0.000000] PM: Registered nosave memory: [mem 0x0009f000-0x0009ffff]
[    0.000000] PM: Registered nosave memory: [mem 0x000a0000-0x000effff]
[    0.000000] PM: Registered nosave memory: [mem 0x000f0000-0x000fffff]
[    0.000000] e820: [mem 0x40000000-0xfebfffff] available for PCI devices
[    0.000000] Booting paravirtualized kernel on KVM
[    0.000000] clocksource: refined-jiffies: mask: 0xffffffff max_cycles: 0xffffffff, max_idle_ns: 7645519600211568 ns
[    0.000000] setup_percpu: NR_CPUS:8192 nr_cpumask_bits:2 nr_cpu_ids:2 nr_node_ids:1
[    0.000000] percpu: Embedded 50 pages/cpu s167936 r8192 d28672 u1048576
[    0.000000] PV qspinlock hash table entries: 256 (order: 0, 4096 bytes)
[    0.000000] Built 1 zonelists, mobility grouping on.  Total pages: 257913
[    0.000000] Policy zone: DMA32
[    0.000000] Kernel command line: BOOT_IMAGE=/boot/vmlinuz-4.15.0-212-generic root=LABEL=cloudimg-rootfs ro console=tty1 console=ttyS0
[    0.000000] Memory: 982644K/1048120K available (12300K kernel code, 2477K rwdata, 4324K rodata, 2480K init, 2720K bss, 65476K reserved, 0K cma-reserved)
[    0.000000] SLUB: HWalign=64, Order=0-3, MinObjects=0, CPUs=2, Nodes=1
[    0.000000] ftrace: allocating 39508 entries in 155 pages
[    0.004000] Hierarchical RCU implementation.
[    0.004000] 	RCU restricting CPUs from NR_CPUS=8192 to nr_cpu_ids=2.
[    0.004000] 	Tasks RCU enabled.
[    0.004000] RCU: Adjusting geometry for rcu_fanout_leaf=16, nr_cpu_ids=2
[    0.004000] NR_IRQS: 524544, nr_irqs: 440, preallocated irqs: 16
[    0.004000] random: crng init done
[    0.004000] Console: colour VGA+ 80x25
[    0.004000] console [tty1] enabled
[    0.004000] console [ttyS0] enabled
[    0.004000] ACPI: Core revision 20170831
[    0.004000] ACPI: 2 ACPI AML tables successfully acquired and loaded
[    0.004000] APIC: Switch to symmetric I/O mode setup
[    0.004000] ..TIMER: vector=0x30 apic1=0 pin1=2 apic2=-1 pin2=-1
[    0.004010] tsc: Detected 2096.014 MHz processor
[    0.008012] Calibrating delay loop (skipped) preset value.. 4192.02 BogoMIPS (lpj=8384056)
[    0.012010] pid_max: default: 32768 minimum: 301
[    0.016126] Security Framework initialized
[    0.020010] Yama: becoming mindful.
[    0.024170] AppArmor: AppArmor initialized
[    0.036473] Dentry cache hash table entries: 131072 (order: 8, 1048576 bytes)
[    0.046381] Inode-cache hash table entries: 65536 (order: 7, 524288 bytes)
[    0.048166] Mount-cache hash table entries: 2048 (order: 2, 16384 bytes)
[    0.052190] Mountpoint-cache hash table entries: 2048 (order: 2, 16384 bytes)
[    0.060236] Last level iTLB entries: 4KB 1024, 2MB 1024, 4MB 512
[    0.064010] Last level dTLB entries: 4KB 1536, 2MB 1536, 4MB 768, 1GB 0
[    0.068010] Spectre V1 : Mitigation: usercopy/swapgs barriers and __user pointer sanitization
[    0.072009] Spectre V2 : Mitigation: Retpolines
[    0.076004] Spectre V2 : Spectre v2 / SpectreRSB mitigation: Filling RSB on context switch
[    0.080007] Spectre V2 : Spectre v2 / SpectreRSB : Filling RSB on VMEXIT
[    0.084005] RETBleed: Vulnerable
[    0.088237] Freeing SMP alternatives memory: 36K
[    0.210934] APIC calibration not consistent with PM-Timer: 101ms instead of 100ms
[    0.212000] APIC delta adjusted to PM-Timer: 6328638 (6393153)
[    0.212585] smpboot: CPU0: AMD Ryzen 5 3500U with Radeon Vega Mobile Gfx (family: 0x17, model: 0x18, stepping: 0x1)
[    0.216000] Performance Events: PMU not available due to virtualization, using software events only.
[    0.216000] Hierarchical SRCU implementation.
[    0.216000] NMI watchdog: Perf event create on CPU 0 failed with -2
[    0.216000] NMI watchdog: Perf NMI watchdog permanently disabled
[    0.216000] smp: Bringing up secondary CPUs ...
[    0.221290] x86: Booting SMP configuration:
[    0.224006] .... node  #0, CPUs:      #1
[    0.004000] kvm-clock: cpu 1, msr 0:3ff44041, secondary cpu clock
[    0.250414] TSC synchronization [CPU#0 -> CPU#1]:
[    0.252000] Measured 54594 cycles TSC warp between CPUs, turning off TSC clock.
[    0.252000] tsc: Marking TSC unstable due to check_tsc_sync_source failed
[    0.256373] smp: Brought up 1 node, 2 CPUs
[    0.260114] smpboot: Max logical packages: 1
[    0.264010] smpboot: Total of 2 processors activated (8384.05 BogoMIPS)
[    0.273279] devtmpfs: initialized
[    0.280710] x86/mm: Memory block size: 128MB
[    0.288656] evm: security.selinux
[    0.296004] evm: security.SMACK64
[    0.304004] evm: security.SMACK64EXEC
[    0.312004] evm: security.SMACK64TRANSMUTE
[    0.320005] evm: security.SMACK64MMAP
[    0.328004] evm: security.apparmor
[    0.336005] evm: security.ima
[    0.344004] evm: security.capability
[    0.356255] clocksource: jiffies: mask: 0xffffffff max_cycles: 0xffffffff, max_idle_ns: 7645041785100000 ns
[    0.360023] futex hash table entries: 512 (order: 3, 32768 bytes)
[    0.364634] pinctrl core: initialized pinctrl subsystem
[    0.372403] RTC time:  1:38:24, date: 03/09/24
[    0.380400] NET: Registered protocol family 16
[    0.384293] audit: initializing netlink subsys (disabled)
[    0.392807] audit: type=2000 audit(1709948309.629:1): state=initialized audit_enabled=0 res=1
[    0.396029] cpuidle: using governor ladder
[    0.416307] cpuidle: using governor menu
[    0.424941] ACPI: bus type PCI registered
[    0.428006] acpiphp: ACPI Hot Plug PCI Controller Driver version: 0.5
[    0.433002] PCI: Using configuration type 1 for base access
[    0.436005] PCI: Using configuration type 1 for extended access
[    0.452441] HugeTLB registered 2.00 MiB page size, pre-allocated 0 pages
[    0.468729] ACPI: Added _OSI(Module Device)
[    0.472008] ACPI: Added _OSI(Processor Device)
[    0.476006] ACPI: Added _OSI(3.0 _SCP Extensions)
[    0.480010] ACPI: Added _OSI(Processor Aggregator Device)
[    0.484012] ACPI: Added _OSI(Linux-Dell-Video)
[    0.488012] ACPI: Added _OSI(Linux-Lenovo-NV-HDMI-Audio)
[    0.492014] ACPI: Added _OSI(Linux-HPI-Hybrid-Graphics)
[    0.500913] ACPI: Executed 1 blocks of module-level executable AML code
[    0.511332] ACPI: Interpreter enabled
[    0.512026] ACPI: (supports S0 S5)
[    0.516009] ACPI: Using IOAPIC for interrupt routing
[    0.524487] PCI: Using host bridge windows from ACPI; if necessary, use "pci=nocrs" and report a bug
[    0.528404] ACPI: Enabled 2 GPEs in block 00 to 07
[    0.550871] ACPI: PCI Root Bridge [PCI0] (domain 0000 [bus 00-ff])
[    0.552027] acpi PNP0A03:00: _OSC: OS supports [ExtendedConfig ASPM ClockPM Segments MSI]
[    0.560196] acpi PNP0A03:00: _OSC: platform does not support [PCIeCapability]
[    0.565124] acpi PNP0A03:00: _OSC: not requesting control; platform does not support [PCIeCapability]
[    0.568011] acpi PNP0A03:00: _OSC: OS requested [PCIeHotplug PME AER PCIeCapability]
[    0.572019] acpi PNP0A03:00: _OSC: platform willing to grant [PCIeHotplug PME AER]
[    0.576010] acpi PNP0A03:00: _OSC failed (AE_SUPPORT); disabling ASPM
[    0.581252] PCI host bridge to bus 0000:00
[    0.584010] pci_bus 0000:00: root bus resource [io  0x0000-0x0cf7 window]
[    0.588012] pci_bus 0000:00: root bus resource [io  0x0d00-0xffff window]
[    0.592011] pci_bus 0000:00: root bus resource [mem 0x000a0000-0x000bffff window]
[    0.596069] pci_bus 0000:00: root bus resource [mem 0x40000000-0xfdffffff window]
[    0.600014] pci_bus 0000:00: root bus resource [bus 00-ff]
[    0.616221] pci 0000:00:01.1: legacy IDE quirk: reg 0x10: [io  0x01f0-0x01f7]
[    0.620011] pci 0000:00:01.1: legacy IDE quirk: reg 0x14: [io  0x03f6]
[    0.624011] pci 0000:00:01.1: legacy IDE quirk: reg 0x18: [io  0x0170-0x0177]
[    0.628012] pci 0000:00:01.1: legacy IDE quirk: reg 0x1c: [io  0x0376]
[    0.663469] pci 0000:00:07.0: quirk: [io  0x4000-0x403f] claimed by PIIX4 ACPI
[    0.664066] pci 0000:00:07.0: quirk: [io  0x4100-0x410f] claimed by PIIX4 SMB
[    0.686476] ACPI: PCI Interrupt Link [LNKA] (IRQs 5 9 10 *11)
[    0.689202] ACPI: PCI Interrupt Link [LNKB] (IRQs 5 9 *10 11)
[    0.692362] ACPI: PCI Interrupt Link [LNKC] (IRQs 5 *9 10 11)
[    0.696354] ACPI: PCI Interrupt Link [LNKD] (IRQs 5 9 10 *11)
[    0.704979] SCSI subsystem initialized
[    0.708719] pci 0000:00:02.0: vgaarb: setting as boot VGA device
[    0.712000] pci 0000:00:02.0: vgaarb: VGA device added: decodes=io+mem,owns=io+mem,locks=none
[    0.712015] pci 0000:00:02.0: vgaarb: bridge control possible
[    0.716011] vgaarb: loaded
[    0.720058] ACPI: bus type USB registered
[    0.724184] usbcore: registered new interface driver usbfs
[    0.728042] usbcore: registered new interface driver hub
[    0.732047] usbcore: registered new device driver usb
[    0.736430] EDAC MC: Ver: 3.0.0
[    0.752009] PCI: Using ACPI for IRQ routing
[    0.761487] NetLabel: Initializing
[    0.768009] NetLabel:  domain hash size = 128
[    0.780007] NetLabel:  protocols = UNLABELED CIPSOv4 CALIPSO
[    0.788178] NetLabel:  unlabeled traffic allowed by default
[    0.800355] clocksource: Switched to clocksource kvm-clock
[    0.839600] VFS: Disk quotas dquot_6.6.0
[    0.839600] VFS: Dquot-cache hash table entries: 512 (order 0, 4096 bytes)
[    0.839600] AppArmor: AppArmor Filesystem Enabled
[    0.839600] pnp: PnP ACPI init
[    0.839600] pnp: PnP ACPI: found 3 devices
[    0.978781] clocksource: acpi_pm: mask: 0xffffff max_cycles: 0xffffff, max_idle_ns: 2085701024 ns
[    0.980910] NET: Registered protocol family 2
[    0.980910] IP idents hash table entries: 16384 (order: 5, 131072 bytes)
[    1.010652] TCP established hash table entries: 8192 (order: 4, 65536 bytes)
[    1.013418] TCP bind hash table entries: 8192 (order: 5, 131072 bytes)
[    1.013418] TCP: Hash tables configured (established 8192 bind 8192)
[    1.013418] UDP hash table entries: 512 (order: 2, 16384 bytes)
[    1.013418] UDP-Lite hash table entries: 512 (order: 2, 16384 bytes)
[    1.013418] NET: Registered protocol family 1
[    1.013418] pci 0000:00:00.0: Limiting direct PCI/PCI transfers
[    1.013418] pci 0000:00:01.0: Activating ISA DMA hang workarounds
[    1.013418] pci 0000:00:02.0: Video device with shadowed ROM at [mem 0x000c0000-0x000dffff]
[    1.013418] Unpacking initramfs...
[    1.911072] Freeing initrd memory: 19528K
[    1.919689] clocksource: tsc: mask: 0xffffffffffffffff max_cycles: 0x1e367b4998c, max_idle_ns: 440795283512 ns
[    1.933364] platform rtc_cmos: registered platform RTC device (no PNP device found)
[    1.943019] Scanning for low memory corruption every 60 seconds
[    1.954621] Initialise system trusted keyrings
[    1.960655] Key type blacklist registered
[    1.966978] workingset: timestamp_bits=36 max_order=18 bucket_order=0
[    1.979514] zbud: loaded
[    1.985801] squashfs: version 4.0 (2009/01/31) Phillip Lougher
[    1.995658] fuse init (API version 7.26)
[    2.057507] Key type asymmetric registered
[    2.063606] Asymmetric key parser 'x509' registered
[    2.070559] Block layer SCSI generic (bsg) driver version 0.4 loaded (major 246)
[    2.081949] io scheduler noop registered
[    2.087504] io scheduler deadline registered
[    2.093817] io scheduler cfq registered (default)
[    2.102114] ACPI: AC Adapter [AC] (on-line)
[    2.108264] input: Power Button as /devices/LNXSYSTM:00/LNXPWRBN:00/input/input0
[    2.118762] ACPI: Power Button [PWRF]
[    2.124424] input: Sleep Button as /devices/LNXSYSTM:00/LNXSLPBN:00/input/input1
[    2.134003] ACPI: Sleep Button [SLPF]
[    2.142087] Serial: 8250/16550 driver, 32 ports, IRQ sharing enabled
[    2.143966] ACPI: Battery Slot [BAT0] (battery present)
[    2.190731] 00:02: ttyS0 at I/O 0x3f8 (irq = 4, base_baud = 115200) is a 16550A
[    2.227647] Linux agpgart interface v0.103
[    2.253252] loop: module loaded
[    2.263160] scsi host0: ata_piix
[    2.272777] scsi host1: ata_piix
[    2.278545] ata1: PATA max UDMA/33 cmd 0x1f0 ctl 0x3f6 bmdma 0xd000 irq 14
[    2.282385] ata2: PATA max UDMA/33 cmd 0x170 ctl 0x376 bmdma 0xd008 irq 15
[    2.296337] tun: Universal TUN/TAP device driver, 1.6
[    2.307983] PPP generic driver version 2.4.2
[    2.315143] ehci_hcd: USB 2.0 'Enhanced' Host Controller (EHCI) Driver
[    2.327827] ehci-pci: EHCI PCI platform driver
[    2.333894] ehci-platform: EHCI generic platform driver
[    2.342795] ohci_hcd: USB 1.1 'Open' Host Controller (OHCI) Driver
[    2.354152] ohci-pci: OHCI PCI platform driver
[    2.361035] ohci-platform: OHCI generic platform driver
[    2.368308] uhci_hcd: USB Universal Host Controller Interface driver
[    2.376910] i8042: PNP: PS/2 Controller [PNP0303:PS2K,PNP0f03:PS2M] at 0x60,0x64 irq 1,12
[    2.394160] serio: i8042 KBD port at 0x60,0x64 irq 1
[    2.403295] serio: i8042 AUX port at 0x60,0x64 irq 12
[    2.414625] mousedev: PS/2 mouse device common for all mice
[    2.431070] rtc_cmos rtc_cmos: rtc core: registered rtc_cmos as rtc0
[    2.447302] rtc_cmos rtc_cmos: alarms up to one day, 114 bytes nvram
[    2.459033] i2c /dev entries driver
[    2.464418] device-mapper: uevent: version 1.0.3
[    2.471956] device-mapper: ioctl: 4.37.0-ioctl (2017-09-20) initialised: dm-devel@redhat.com
[    2.497313] input: AT Translated Set 2 keyboard as /devices/platform/i8042/serio0/input/input2
[    2.538191] ledtrig-cpu: registered to indicate activity on CPUs
[    2.552125] NET: Registered protocol family 10
[    2.580901] Segment Routing with IPv6
[    2.587181] NET: Registered protocol family 17
[    2.594384] Key type dns_resolver registered
[    2.603395] mce: Using 0 MCE banks
[    2.609028] RAS: Correctable Errors collector initialized.
[    2.616943] sched_clock: Marking stable (2616852430, 0)->(3959805355, -1342952925)
[    2.634929] registered taskstats version 1
[    2.641856] Loading compiled-in X.509 certificates
[    2.659473] Loaded X.509 cert 'Build time autogenerated kernel key: b5b26778eaa3ab3a4a6cee031137706e947d12ad'
[    2.673411] Loaded X.509 cert 'Canonical Ltd. Live Patch Signing: 14df34d1a87cf37625abec039ef2bf521249b969'
[    2.686862] Loaded X.509 cert 'Canonical Ltd. Kernel Module Signing: 88f752e560a1e0737e31163a466ad7b70a850c19'
[    2.700308] blacklist: Loading compiled-in revocation X.509 certificates
[    2.709336] Loaded X.509 cert 'Canonical Ltd. Secure Boot Signing: 61482aa2830d0ab2ad5af10b7250da9033ddcef0'
[    2.722669] Loaded X.509 cert 'Canonical Ltd. Secure Boot Signing (2017): 242ade75ac4a15e50d50c84b0d45ff3eae707a03'
[    2.736014] Loaded X.509 cert 'Canonical Ltd. Secure Boot Signing (ESM 2018): 365188c1d374d6b07c3c8f240f8ef722433d6a8b'
[    2.750346] Loaded X.509 cert 'Canonical Ltd. Secure Boot Signing (2019): c0746fd6c5da3ae827864651ad66ae47fe24b3e8'
[    2.763972] Loaded X.509 cert 'Canonical Ltd. Secure Boot Signing (2021 v1): a8d54bbb3825cfb94fa13c9f8a594a195c107b8d'
[    2.778048] Loaded X.509 cert 'Canonical Ltd. Secure Boot Signing (2021 v2): 4cf046892d6fd3c9a5b03f98d845f90851dc6a8c'
[    2.791889] Loaded X.509 cert 'Canonical Ltd. Secure Boot Signing (2021 v3): 100437bb6de6e469b581e61cd66bce3ef4ed53af'
[    2.806054] Loaded X.509 cert 'Canonical Ltd. Secure Boot Signing (Ubuntu Core 2019): c1d57b8f6b743f23ee41f4f7ee292f06eecadfb9'
[    2.820699] zswap: loaded using pool lzo/zbud
[    2.842405] Key type big_key registered
[    2.848669] Key type trusted registered
[    2.860381] Key type encrypted registered
[    2.865886] AppArmor: AppArmor sha1 policy hashing enabled
[    2.873251] ima: No TPM chip found, activating TPM-bypass! (rc=-19)
[    2.880755] ima: Allocated hash algorithm: sha1
[    2.886534] evm: HMAC attrs: 0x1
[    2.892033]   Magic number: 0:341:609
[    2.897231] node node0: hash matches
[    2.902636] rtc_cmos rtc_cmos: setting system clock to 2024-03-09 01:38:27 UTC (1709948307)
[    2.913608] BIOS EDD facility v0.16 2004-Jun-25, 0 devices found
[    2.921122] EDD information not available.
[    2.931820] Freeing unused kernel image memory: 2480K
[    2.962229] Write protecting the kernel read-only data: 20480k
[    2.973774] Freeing unused kernel image memory: 2008K
[    2.982567] Freeing unused kernel image memory: 1820K
[    2.998700] x86/mm: Checked W+X mappings: passed, no W+X pages found.
Loading, please wait...
starting version 237
[    3.128954] e1000: Intel(R) PRO/1000 Network Driver - version 7.3.21-k8-NAPI
[    3.138543] e1000: Copyright (c) 1999-2006 Intel Corporation.
[    3.154949] Fusion MPT base driver 3.04.20
[    3.160242] Copyright (c) 1999-2008 LSI Corporation
[    3.221401] Fusion MPT SPI Host driver 3.04.20
[    3.230965] SSE version of gcm_enc/dec engaged.
[    3.517006] input: ImExPS/2 Generic Explorer Mouse as /devices/platform/i8042/serio1/input/input4
[    4.084320] e1000 0000:00:03.0 eth0: (PCI:33MHz:32-bit) 02:3b:7b:b7:3b:2d
[    4.093070] e1000 0000:00:03.0 eth0: Intel(R) PRO/1000 Network Connection
[    4.974305] e1000 0000:00:08.0 eth1: (PCI:33MHz:32-bit) 08:00:27:de:db:02
[    4.983665] e1000 0000:00:08.0 eth1: Intel(R) PRO/1000 Network Connection
[    4.998454] e1000 0000:00:08.0 enp0s8: renamed from eth1
[    5.000600] mptbase: ioc0: Initiating bringup
[    5.025831] e1000 0000:00:03.0 enp0s3: renamed from eth0
[    5.134275] ioc0: LSI53C1030 A0: Capabilities={Initiator}
[    6.074735] scsi host2: ioc0: LSI53C1030 A0, FwRev=00000000h, Ports=1, MaxQ=256, IRQ=20
[    6.263831] scsi 2:0:0:0: Direct-Access     VBOX     HARDDISK         1.0  PQ: 0 ANSI: 5
[    6.304549] scsi target2:0:0: Beginning Domain Validation
[    6.320150] scsi target2:0:0: Domain Validation skipping write tests
[    6.327436] scsi target2:0:0: Ending Domain Validation
[    6.333826] scsi target2:0:0: asynchronous
[    6.340952] scsi 2:0:1:0: Direct-Access     VBOX     HARDDISK         1.0  PQ: 0 ANSI: 5
[    7.184847] scsi target2:0:1: Beginning Domain Validation
[    7.202612] scsi target2:0:1: Domain Validation skipping write tests
[    7.210553] scsi target2:0:1: Ending Domain Validation
[    7.216905] scsi target2:0:1: asynchronous
[    7.240677] sd 2:0:0:0: Attached scsi generic sg0 type 0
[    7.248454] sd 2:0:0:0: [sda] 83886080 512-byte logical blocks: (42.9 GB/40.0 GiB)
[    7.249418] sd 2:0:1:0: Attached scsi generic sg1 type 0
[    7.258836] sd 2:0:0:0: [sda] Write Protect is off
[    7.272798] sd 2:0:1:0: [sdb] 20480 512-byte logical blocks: (10.5 MB/10.0 MiB)
[    7.285550] sd 2:0:0:0: [sda] Incomplete mode parameter data
[    7.285876] sd 2:0:1:0: [sdb] Write Protect is off
[    7.296376] sd 2:0:0:0: [sda] Assuming drive cache: write through
[    7.313528] sd 2:0:1:0: [sdb] Incomplete mode parameter data
[    7.322135] sd 2:0:1:0: [sdb] Assuming drive cache: write through
[    7.337906]  sda: sda1
[    7.350175] sd 2:0:0:0: [sda] Attached SCSI disk
[    7.361723] sd 2:0:1:0: [sdb] Attached SCSI disk
Begin: Loading essential drivers ... [    9.708351] raid6: sse2x1   gen()  6011 MB/s
[    9.760376] raid6: sse2x1   xor()  5479 MB/s
[    9.812102] raid6: sse2x2   gen() 14040 MB/s
[    9.864645] raid6: sse2x2   xor()  7749 MB/s
[    9.916500] raid6: sse2x4   gen() 10722 MB/s
[    9.968490] raid6: sse2x4   xor()  7025 MB/s
[    9.975836] raid6: using algorithm sse2x2 gen() 14040 MB/s
[    9.983726] raid6: .... xor() 7749 MB/s, rmw enabled
[    9.991221] raid6: using ssse3x2 recovery algorithm
[   10.002568] xor: measuring software checksum speed
[   10.048823]    prefetch64-sse: 10507.000 MB/sec
[   10.097049]    generic_sse: 11959.000 MB/sec
[   10.102715] xor: using function: generic_sse (11959.000 MB/sec)
[   10.113881] async_tx: api initialized (async)
done.
Begin: Running /scripts/init-premount ... done.
Begin: Mounting root file system ... Begin: Running /scripts/local-top ... done.
Begin: Running /scripts/local-premount ... [   10.216676] Btrfs loaded, crc32c=crc32c-intel
Scanning for Btrfs filesystems
done.
Warning: fsck not present, so skipping root file system
[   10.302805] EXT4-fs (sda1): INFO: recovery required on readonly filesystem
[   10.311174] EXT4-fs (sda1): write access will be enabled during recovery
[   10.528938] EXT4-fs (sda1): recovery complete
[   10.536641] EXT4-fs (sda1): mounted filesystem with ordered data mode. Opts: (null)
done.
Begin: Running /scripts/local-bottom ... done.
Begin: Running /scripts/init-bottom ... done.
[   10.877226] ip_tables: (C) 2000-2006 Netfilter Core Team
[   10.902434] systemd[1]: systemd 237 running in system mode. (+PAM +AUDIT +SELINUX +IMA +APPARMOR +SMACK +SYSVINIT +UTMP +LIBCRYPTSETUP +GCRYPT +GNUTLS +ACL +XZ +LZ4 +SECCOMP +BLKID +ELFUTILS +KMOD -IDN2 +IDN -PCRE2 default-hierarchy=hybrid)
[   10.928929] systemd[1]: Detected virtualization oracle.
[   10.935481] systemd[1]: Detected architecture x86-64.

Welcome to [1mUbuntu 18.04.6 LTS[0m!

[   10.994741] systemd[1]: Set hostname to <ubuntu-bionic>.
[   11.496467] systemd[1]: Reached target Swap.
[[0;32m  OK  [0m] Reached target Swap.
[   11.506857] systemd[1]: Reached target Mounting snaps.
[[0;32m  OK  [0m] Reached target Mounting snaps.
[   11.517933] systemd[1]: Reached target Mounted snaps.
[[0;32m  OK  [0m] Reached target Mounted snaps.
[   11.529350] systemd[1]: Reached target System Time Synchronized.
[[0;32m  OK  [0m] Reached target System Time Synchronized.
[   11.541975] systemd[1]: Started Forward Password Requests to Wall Directory Watch.
[[0;32m  OK  [0m] Started Forward Password Requests to Wall Directory Watch.
[   11.559103] systemd[1]: Reached target User and Group Name Lookups.
[[0;32m  OK  [0m] Reached target User and Group Name Lookups.
[[0;32m  OK  [0m] Created slice System Slice.
[[0;32m  OK  [0m] Listening on udev Control Socket.
[[0;32m  OK  [0m] Listening on LVM2 metadata daemon socket.
[[0;32m  OK  [0m] Listening on Journal Audit Socket.
[[0;32m  OK  [0m] Listening on udev Kernel Socket.
[[0;32m  OK  [0m] Listening on fsck to fsckd communication Socket.
[[0;32m  OK  [0m] Listening on Journal Socket.
         Mounting POSIX Message Queue File System...
         Starting Set the console keyboard layout...
         Starting Uncomplicated firewall...
[[0;32m  OK  [0m] Listening on Device-mapper event daemon FIFOs.
         Mounting Kernel Debug File System...
         Starting File System Check on Root Device...
[[0;32m  OK  [0m] Listening on LVM2 poll daemon socket.
[[0;32m  OK  [0m] Listening on Syslog Socket.
[[0;32m  OK  [0m] Listening on /dev/initctl Compatibility Named Pipe.
         Starting udev Coldplug all Devices...
[[0;32m  OK  [0m] Set up automount Arbitrary Executab…rmats File System Automount Point.
         Mounting Huge Pages File System...
[[0;32m  OK  [0m] Created slice system-serial\x2dgetty.slice.
[[0;32m  OK  [0m] Listening on Network Service Netlink Socket.
[[0;32m  OK  [0m] Created slice User and Session Slice.
         Starting Load Kernel Modules...
         Starting Create list of required st…ce nodes for the current kernel...
[[0;32m  OK  [0m] Listening on Journal Socket (/dev/log).
         Starting Journal Service...
         Starting Monitoring of LVM2 mirrors…ng dmeventd or progress polling...
[[0;32m  OK  [0m] Reached target Slices.
[[0;32m  OK  [0m] Mounted POSIX Message Queue File System.
[[0;32m  OK  [0m] Started Uncomplicated firewall.
[[0;32m  OK  [0m] Mounted Kernel Debug File System.
[[0;32m  OK  [0m] Mounted Huge Pages File System.
[[0;32m  OK  [0m] Started Create list of required sta…vice nodes for the current kernel.
[[0;32m  OK  [0m] Started File System Check Daemon to report status.
         Starting Create Static Device Nodes in /dev...
[   11.791027] Loading iSCSI transport class v2.0-870.
[[0;32m  OK  [0m] Started udev Coldplug all Devices.
[[0;32m  OK  [0m] Started LVM2 metadata daemon.
[[0;32m  OK  [0m] Started File System Check on Root Device.
         Starting Remount Root and Kernel File Systems...
[[0;32m  OK  [0m] Started Create Static Device Nodes in /dev.
[   11.966825] iscsi: registered transport (tcp)
[[0;32m  OK  [0m] Started Journal Service.
[[0;32m  OK  [0m] Started Set the console keyboard layout.
[   12.057124] EXT4-fs (sda1): re-mounted. Opts: (null)
[[0;32m  OK  [0m] Started Remount Root and Kernel File Systems.
         Starting Flush Journal to Persistent Storage...
         Starting Load/Save Random Seed...
         Starting udev Kernel Device Manager...
[[0;32m  OK  [0m] Started Monitoring of LVM2 mirrors,…sing dmeventd or progress polling.
[[0;32m  OK  [0m] Started Load/Save Random Seed.
[[0;32m  OK  [0m] Reached target Local File Systems (Pre).
[[0;32m  OK  [0m[   12.153852] iscsi: registered transport (iser)
] Reached target Local File Systems.
         Starting AppArmor initialization...
         Starting Tell Plymouth To Write Out Runtime Data...
         Starting ebtables ruleset management...
         Starting Set console font and keymap...
[[0;32m  OK  [0m] Started Load Kernel Modules.
[   12.208037] systemd-journald[418]: Received request to flush runtime journal from PID 1
         Mounting FUSE Control File System...
         Starting Apply Kernel Variables...
         Mounting Kernel Configuration File System...
[[0;32m  OK  [0m] Mounted FUSE Control File System.
[[0;32m  OK  [0m] Mounted Kernel Configuration File System.
[[0;32m  OK  [0m] Started Tell Plymouth To Write Out Runtime Data.
[[0;32m  OK  [0m] Started Set console font and keymap.
[[0;32m  OK  [0m] Started udev Kernel Device Manager.
[[0;32m  OK  [0m] Started Dispatch Password Requests to Console Directory Watch.
[[0;32m  OK  [0m] Reached target Local Encrypted Volumes.
[[0;32m  OK  [0m] Started Apply Kernel Variables.
[[0;32m  OK  [0m] Started Flush Journal to Persistent Storage.
         Starting Create Volatile Files and Directories...
[[0;32m  OK  [0m] Started Create Volatile Files and Directories.
         Starting Update UTMP about System Boot/Shutdown...
[[0;32m  OK  [0m] Started ebtables ruleset management.
[[0;32m  OK  [0m] Started Update UTMP about System Boot/Shutdown.
[[0;32m  OK  [0m] Found device /dev/ttyS0.
[[0;32m  OK  [0m] Listening on Load/Save RF Kill Switch Status /dev/rfkill Watch.
[[0;32m  OK  [0m] Started AppArmor initialization.
         Starting Load AppArmor profiles managed internally by snapd...
         Starting Initial cloud-init job (pre-networking)...
         Mounting Arbitrary Executable File Formats File System...
[[0;32m  OK  [0m] Mounted Arbitrary Executable File Formats File System.
[[0;32m  OK  [0m] Started Load AppArmor profiles managed internally by snapd.
[   15.856300] cloud-init[560]: Cloud-init v. 23.1.2-0ubuntu0~18.04.1 running 'init-local' at Sat, 09 Mar 2024 01:38:40 +0000. Up 15.56 seconds.
[[0;32m  OK  [0m] Started Initial cloud-init job (pre-networking).
[[0;32m  OK  [0m] Reached target Network (Pre).
         Starting Network Service...
[[0;32m  OK  [0m] Started Network Service.
         Starting Wait for Network to be Configured...
         Starting Network Name Resolution...
[[0;32m  OK  [0m] Started Network Name Resolution.
[[0;32m  OK  [0m] Reached target Host and Network Name Lookups.
[[0;32m  OK  [0m] Reached target Network.
[[0;32m  OK  [0m] Started Wait for Network to be Configured.
         Starting Initial cloud-init job (metadata service crawler)...
[   19.436692] cloud-init[669]: Cloud-init v. 23.1.2-0ubuntu0~18.04.1 running 'init' at Sat, 09 Mar 2024 01:38:43 +0000. Up 19.23 seconds.
[   19.451338] cloud-init[669]: ci-info: ++++++++++++++++++++++++++++++++++++++Net device info+++++++++++++++++++++++++++++++++++++++
[   19.463220] cloud-init[669]: ci-info: +--------+------+-----------------------------+---------------+--------+-------------------+
[   19.473586] cloud-init[669]: ci-info: | Device |  Up  |           Address           |      Mask     | Scope  |     Hw-Address    |
[   19.483394] cloud-init[669]: ci-info: +--------+------+-----------------------------+---------------+--------+-------------------+
[   19.494300] cloud-init[669]: ci-info: | enp0s3 | True |          10.0.2.15          | 255.255.255.0 | global | 02:3b:7b:b7:3b:2d |
[   19.504971] cloud-init[669]: ci-info: | enp0s3 | True |  fe80::3b:7bff:feb7:3b2d/64 |       .       |  link  | 02:3b:7b:b7:3b:2d |
[   19.514284] cloud-init[669]: ci-info: | enp0s8 | True |        192.168.33.50        | 255.255.255.0 | global | 08:00:27:de:db:02 |
[   19.526579] cloud-init[669]: ci-info: | enp0s8 | True | fe80::a00:27ff:fede:db02/64 |       .       |  link  | 08:00:27:de:db:02 |
[   19.538665] cloud-init[669]: ci-info: |   lo   | True |          127.0.0.1          |   255.0.0.0   |  host  |         .         |
[   19.549385] cloud-init[669]: ci-info: |   lo   | True |           ::1/128           |       .       |  host  |         .         |
[   19.559649] cloud-init[669]: ci-info: +--------+------+-----------------------------+---------------+--------+-------------------+
[   19.570125] cloud-init[669]: ci-info: +++++++++++++++++++++++++++++Route IPv4 info+++++++++++++++++++++++++++++
[   19.578724] cloud-init[669]: ci-info: +-------+--------------+----------+-----------------+-----------+-------+
[   19.589952] cloud-init[669]: ci-info: | Route | Destination  | Gateway  |     Genmask     | Interface | Flags |
[   19.599882] cloud-init[669]: ci-info: +-------+--------------+----------+-----------------+-----------+-------+
[   19.610713] cloud-init[669]: ci-info: |   0   |   0.0.0.0    | 10.0.2.2 |     0.0.0.0     |   enp0s3  |   UG  |
[   19.623114] cloud-init[669]: ci-info: |   1   |   10.0.2.0   | 0.0.0.0  |  255.255.255.0  |   enp0s3  |   U   |
[   19.630163] cloud-init[669]: ci-info: |   2   |   10.0.2.2   | 0.0.0.0  | 255.255.255.255 |   enp0s3  |   UH  |
[   19.636818] cloud-init[669]: ci-info: |   3   | 192.168.33.0 | 0.0.0.0  |  255.255.255.0  |   enp0s8  |   U   |
[   19.641956] cloud-init[669]: ci-info: +-------+--------------+----------+-----------------+-----------+-------+
[   19.647180] cloud-init[669]: ci-info: +++++++++++++++++++Route IPv6 info+++++++++++++++++++
[   19.652680] cloud-init[669]: ci-info: +-------+-------------+---------+-----------+-------+
[   19.657092] cloud-init[669]: ci-info: | Route | Destination | Gateway | Interface | Flags |
[   19.661205] cloud-init[669]: ci-info: +-------+-------------+---------+-----------+-------+
[   19.665617] cloud-init[669]: ci-info: |   1   |  fe80::/64  |    ::   |   enp0s8  |   U   |
[   19.670432] cloud-init[669]: ci-info: |   2   |  fe80::/64  |    ::   |   enp0s3  |   U   |
[   19.674552] cloud-init[669]: ci-info: |   4   |    local    |    ::   |   enp0s3  |   U   |
[   19.687970] cloud-init[669]: ci-info: |   5   |    local    |    ::   |   enp0s8  |   U   |
[   19.692643] cloud-init[669]: ci-info: |   6   |   ff00::/8  |    ::   |   enp0s8  |   U   |
[   19.699167] cloud-init[669]: ci-info: |   7   |   ff00::/8  |    ::   |   enp0s3  |   U   |
[   19.703772] cloud-init[669]: ci-info: +-------+-------------+---------+-----------+-------+
[[0;32m  OK  [0m] Started Initial cloud-init job (metadata service crawler).
[[0;32m  OK  [0m] Reached target Cloud-config availability.
[[0;32m  OK  [0m] Reached target System Initialization.
         Starting Socket activation for snappy daemon.
[[0;32m  OK  [0m] Started Daily apt download activities.
[[0;32m  OK  [0m] Listening on Open-iSCSI iscsid Socket.
[[0;32m  OK  [0m] Started Message of the Day.
[[0;32m  OK  [0m] Started Discard unused blocks once a week.
[[0;32m  OK  [0m] Listening on cloud-init hotplug hook socket.
[[0;32m  OK  [0m] Started Ubuntu Advantage Timer for running repeated jobs.
         Starting LXD - unix socket.
[[0;32m  OK  [0m] Listening on D-Bus System Message Bus Socket.
[[0;32m  OK  [0m] Listening on UUID daemon activation socket.
[[0;32m  OK  [0m] Started Daily apt upgrade and clean activities.
[[0;32m  OK  [0m] Listening on ACPID Listen Socket.
[[0;32m  OK  [0m] Started Daily Cleanup of Temporary Directories.
[[0;32m  OK  [0m] Reached target Timers.
[[0;32m  OK  [0m] Started ACPI Events Check.
[[0;32m  OK  [0m] Reached target Paths.
[[0;32m  OK  [0m] Reached target Network is Online.
[[0;32m  OK  [0m] Reached target Remote File Systems (Pre).
         Mounting /vagrant...
         Starting Availability of block devices...
[[0;32m  OK  [0m] Listening on Socket activation for snappy daemon.
[[0;32m  OK  [0m] Listening on LXD - unix socket.
[[0;32m  OK  [0m] Reached target Sockets.
[[0;32m  OK  [0m] Reached target Basic System.
[[0;32m  OK  [0m] Reached target Login Prompts (Pre).
         Starting Login Service...
[[0;32m  OK  [0m] Started D-Bus System Message Bus.
         Starting LSB: Record successful boot for GRUB...
         Starting Dispatcher daemon for systemd-networkd...
         Starting OpenBSD Secure Shell server...
[[0;32m  OK  [0m] Started Deferred execution scheduler.
[[0;32m  OK  [0m] Started FUSE filesystem for LXC.
         Starting Virtualbox guest utils...
         Starting LXD - container startup/shutdown...
[[0;32m  OK  [0m] Started irqbalance daemon.
         Starting Accounts Service...
         Starting System Logging Service...
[[0;32m  OK  [0m] Started Regular background program processing daemon.
         Starting Snap Daemon...
[[0;32m  OK  [0m] Started System Logging Service.
[[0;32m  OK  [0m] Mounted /vagrant.
[[0;32m  OK  [0m] Started Availability of block devices.
[[0;32m  OK  [0m] Started Login Service.
[[0;32m  OK  [0m] Started OpenBSD Secure Shell server.
         Starting Authorization Manager...
[[0;32m  OK  [0m] Started Unattended Upgrades Shutdown.
[[0;32m  OK  [0m] Reached target Remote File Systems.
         Starting The Apache HTTP Server...
         Starting Permit User Sessions...
         Starting LSB: automatic crash report generation...
[[0;32m  OK  [0m] Started Permit User Sessions.
         Starting Hold until boot process finishes up...
         Starting Terminate Plymouth Boot Screen...
[[0;32m  OK  [0m] Started Hold until boot process finishes up.
[[0;32m  OK  [0m] Started Serial Getty on ttyS0.
         Starting Set console scheme...
[[0;32m  OK  [0m] Started Terminate Plymouth Boot Screen.
[[0;32m  OK  [0m] Started LXD - container startup/shutdown.
[[0;32m  OK  [0m] Started Authorization Manager.
[[0;32m  OK  [0m] Started Dispatcher daemon for systemd-networkd.
[[0;32m  OK  [0m] Started Accounts Service.
[[0;32m  OK  [0m] Started Set console scheme.
[[0;32m  OK  [0m] Created slice system-getty.slice.
[[0;32m  OK  [0m] Started Getty on tty1.
[[0;32m  OK  [0m] Reached target Login Prompts.
[[0;32m  OK  [0m] Started LSB: Record successful boot for GRUB.
[[0;32m  OK  [0m] Started LSB: automatic crash report generation.
[[0;32m  OK  [0m] Started Virtualbox guest utils.
[[0;32m  OK  [0m] Started The Apache HTTP Server.
[[0;32m  OK  [0m] Started Snap Daemon.
         Starting Wait until snapd is fully seeded...
         Starting Time & Date Service...
[[0;32m  OK  [0m] Started Time & Date Service.
[[0;32m  OK  [0m] Started Wait until snapd is fully seeded.
         Starting Apply the settings specified in cloud-config...
[   23.457572] cloud-init[1164]: Cloud-init v. 23.1.2-0ubuntu0~18.04.1 running 'modules:config' at Sat, 09 Mar 2024 01:38:47 +0000. Up 23.29 seconds.
[[0;32m  OK  [0m] Started Apply the settings specified in cloud-config.
[[0;32m  OK  [0m] Reached target Multi-User System.
[[0;32m  OK  [0m] Reached target Graphical Interface.
         Starting Update UTMP about System Runlevel Changes...
         Starting Execute cloud user/final scripts...
[[0;32m  OK  [0m] Started Update UTMP about System Runlevel Changes.
[   24.263492] cloud-init[1217]: Cloud-init v. 23.1.2-0ubuntu0~18.04.1 running 'modules:final' at Sat, 09 Mar 2024 01:38:48 +0000. Up 24.07 seconds.
[   24.281605] cloud-init[1217]: Cloud-init v. 23.1.2-0ubuntu0~18.04.1 finished at Sat, 09 Mar 2024 01:38:48 +0000. Datasource DataSourceNoCloud [seed=/dev/sdb][dsmode=net].  Up 24.25 seconds
[[0;32m  OK  [0m] Started Execute cloud user/final scripts.
[[0;32m  OK  [0m] Reached target Cloud-init target.

Ubuntu 18.04.6 LTS ubuntu-bionic ttyS0

ubuntu-bionic login: 